ARM GAS  /var/folders/_8/_cw6l3nd335f_j6cn6z79m4m0000gn/T//ccjL9Yad.s 			page 1


   1              		.syntax unified
   2              		.cpu cortex-m4
   3              		.eabi_attribute 27, 1
   4              		.eabi_attribute 28, 1
   5              		.fpu fpv4-sp-d16
   6              		.eabi_attribute 20, 1
   7              		.eabi_attribute 21, 1
   8              		.eabi_attribute 23, 3
   9              		.eabi_attribute 24, 1
  10              		.eabi_attribute 25, 1
  11              		.eabi_attribute 26, 1
  12              		.eabi_attribute 30, 6
  13              		.eabi_attribute 34, 1
  14              		.eabi_attribute 18, 4
  15              		.thumb
  16              		.file	"i2c.c"
  17              		.text
  18              	.Ltext0:
  19              		.cfi_sections	.debug_frame
  20              		.section	.bss.handle,"aw",%nobits
  21              		.align	2
  24              	handle:
  25 0000 00000000 		.space	84
  25      00000000 
  25      00000000 
  25      00000000 
  25      00000000 
  26              		.section	.text.i2c_init,"ax",%progbits
  27              		.align	2
  28              		.global	i2c_init
  29              		.thumb
  30              		.thumb_func
  32              	i2c_init:
  33              	.LFB135:
  34              		.file 1 "../src/i2c.c"
   1:../src/i2c.c  **** #include "i2c.h"
   2:../src/i2c.c  **** #include "bsp.h"
   3:../src/i2c.c  **** 
   4:../src/i2c.c  **** static wst_i2c_handle_t handle;
   5:../src/i2c.c  **** 
   6:../src/i2c.c  **** void i2c_init(void)
   7:../src/i2c.c  **** {
  35              		.loc 1 7 0
  36              		.cfi_startproc
  37              		@ args = 0, pretend = 0, frame = 8
  38              		@ frame_needed = 1, uses_anonymous_args = 0
  39 0000 80B5     		push	{r7, lr}
  40              	.LCFI0:
  41              		.cfi_def_cfa_offset 8
  42              		.cfi_offset 7, -8
  43              		.cfi_offset 14, -4
  44 0002 82B0     		sub	sp, sp, #8
  45              	.LCFI1:
  46              		.cfi_def_cfa_offset 16
  47 0004 00AF     		add	r7, sp, #0
  48              	.LCFI2:
  49              		.cfi_def_cfa_register 7
ARM GAS  /var/folders/_8/_cw6l3nd335f_j6cn6z79m4m0000gn/T//ccjL9Yad.s 			page 2


  50              	.LBB2:
   8:../src/i2c.c  ****   WST_ERR_CHECK(bsp_i2c_init(&handle));
  51              		.loc 1 8 0
  52 0006 0648     		ldr	r0, .L3
  53 0008 FFF7FEFF 		bl	bsp_i2c_init
  54 000c 7860     		str	r0, [r7, #4]
  55 000e 7B68     		ldr	r3, [r7, #4]
  56 0010 002B     		cmp	r3, #0
  57 0012 01D0     		beq	.L1
  58              		.loc 1 8 0 is_stmt 0 discriminator 1
  59 0014 FFF7FEFF 		bl	error_handler
  60              	.L1:
  61              	.LBE2:
   9:../src/i2c.c  **** }
  62              		.loc 1 9 0 is_stmt 1
  63 0018 0837     		adds	r7, r7, #8
  64              	.LCFI3:
  65              		.cfi_def_cfa_offset 8
  66 001a BD46     		mov	sp, r7
  67              	.LCFI4:
  68              		.cfi_def_cfa_register 13
  69              		@ sp needed
  70 001c 80BD     		pop	{r7, pc}
  71              	.L4:
  72 001e 00BF     		.align	2
  73              	.L3:
  74 0020 00000000 		.word	handle
  75              		.cfi_endproc
  76              	.LFE135:
  78              		.section	.text.i2c_write,"ax",%progbits
  79              		.align	2
  80              		.global	i2c_write
  81              		.thumb
  82              		.thumb_func
  84              	i2c_write:
  85              	.LFB136:
  10:../src/i2c.c  **** 
  11:../src/i2c.c  **** void i2c_write(uint8_t slave_addr,
  12:../src/i2c.c  ****                uint8_t reg_addr,
  13:../src/i2c.c  ****                uint16_t length,
  14:../src/i2c.c  ****                uint8_t *tx_buf)
  15:../src/i2c.c  **** {
  86              		.loc 1 15 0
  87              		.cfi_startproc
  88              		@ args = 0, pretend = 0, frame = 16
  89              		@ frame_needed = 1, uses_anonymous_args = 0
  90 0000 90B5     		push	{r4, r7, lr}
  91              	.LCFI5:
  92              		.cfi_def_cfa_offset 12
  93              		.cfi_offset 4, -12
  94              		.cfi_offset 7, -8
  95              		.cfi_offset 14, -4
  96 0002 87B0     		sub	sp, sp, #28
  97              	.LCFI6:
  98              		.cfi_def_cfa_offset 40
  99 0004 02AF     		add	r7, sp, #8
 100              	.LCFI7:
ARM GAS  /var/folders/_8/_cw6l3nd335f_j6cn6z79m4m0000gn/T//ccjL9Yad.s 			page 3


 101              		.cfi_def_cfa 7, 32
 102 0006 3B60     		str	r3, [r7]
 103 0008 0346     		mov	r3, r0
 104 000a FB71     		strb	r3, [r7, #7]
 105 000c 0B46     		mov	r3, r1
 106 000e BB71     		strb	r3, [r7, #6]
 107 0010 1346     		mov	r3, r2	@ movhi
 108 0012 BB80     		strh	r3, [r7, #4]	@ movhi
  16:../src/i2c.c  ****   int error = bsp_i2c_write(&handle, slave_addr, reg_addr, length, tx_buf);
 109              		.loc 1 16 0
 110 0014 F979     		ldrb	r1, [r7, #7]	@ zero_extendqisi2
 111 0016 BA79     		ldrb	r2, [r7, #6]	@ zero_extendqisi2
 112 0018 BC88     		ldrh	r4, [r7, #4]
 113 001a 3B68     		ldr	r3, [r7]
 114 001c 0093     		str	r3, [sp]
 115 001e 0748     		ldr	r0, .L7
 116 0020 2346     		mov	r3, r4
 117 0022 FFF7FEFF 		bl	bsp_i2c_write
 118 0026 F860     		str	r0, [r7, #12]
 119              	.LBB3:
  17:../src/i2c.c  ****   WST_ERR_CHECK(error);
 120              		.loc 1 17 0
 121 0028 FB68     		ldr	r3, [r7, #12]
 122 002a BB60     		str	r3, [r7, #8]
 123 002c BB68     		ldr	r3, [r7, #8]
 124 002e 002B     		cmp	r3, #0
 125 0030 01D0     		beq	.L5
 126              		.loc 1 17 0 is_stmt 0 discriminator 1
 127 0032 FFF7FEFF 		bl	error_handler
 128              	.L5:
 129              	.LBE3:
  18:../src/i2c.c  **** }
 130              		.loc 1 18 0 is_stmt 1
 131 0036 1437     		adds	r7, r7, #20
 132              	.LCFI8:
 133              		.cfi_def_cfa_offset 12
 134 0038 BD46     		mov	sp, r7
 135              	.LCFI9:
 136              		.cfi_def_cfa_register 13
 137              		@ sp needed
 138 003a 90BD     		pop	{r4, r7, pc}
 139              	.L8:
 140              		.align	2
 141              	.L7:
 142 003c 00000000 		.word	handle
 143              		.cfi_endproc
 144              	.LFE136:
 146              		.section	.text.i2c_read,"ax",%progbits
 147              		.align	2
 148              		.global	i2c_read
 149              		.thumb
 150              		.thumb_func
 152              	i2c_read:
 153              	.LFB137:
  19:../src/i2c.c  **** 
  20:../src/i2c.c  **** void i2c_read(uint8_t slave_addr,
  21:../src/i2c.c  ****                uint8_t reg_addr,
ARM GAS  /var/folders/_8/_cw6l3nd335f_j6cn6z79m4m0000gn/T//ccjL9Yad.s 			page 4


  22:../src/i2c.c  ****                uint16_t length,
  23:../src/i2c.c  ****                uint8_t *rx_buf)
  24:../src/i2c.c  **** {
 154              		.loc 1 24 0
 155              		.cfi_startproc
 156              		@ args = 0, pretend = 0, frame = 16
 157              		@ frame_needed = 1, uses_anonymous_args = 0
 158 0000 90B5     		push	{r4, r7, lr}
 159              	.LCFI10:
 160              		.cfi_def_cfa_offset 12
 161              		.cfi_offset 4, -12
 162              		.cfi_offset 7, -8
 163              		.cfi_offset 14, -4
 164 0002 87B0     		sub	sp, sp, #28
 165              	.LCFI11:
 166              		.cfi_def_cfa_offset 40
 167 0004 02AF     		add	r7, sp, #8
 168              	.LCFI12:
 169              		.cfi_def_cfa 7, 32
 170 0006 3B60     		str	r3, [r7]
 171 0008 0346     		mov	r3, r0
 172 000a FB71     		strb	r3, [r7, #7]
 173 000c 0B46     		mov	r3, r1
 174 000e BB71     		strb	r3, [r7, #6]
 175 0010 1346     		mov	r3, r2	@ movhi
 176 0012 BB80     		strh	r3, [r7, #4]	@ movhi
 177              	.LBB4:
  25:../src/i2c.c  ****   WST_ERR_CHECK(bsp_i2c_read(&handle, slave_addr, reg_addr, length, rx_buf));
 178              		.loc 1 25 0
 179 0014 F979     		ldrb	r1, [r7, #7]	@ zero_extendqisi2
 180 0016 BA79     		ldrb	r2, [r7, #6]	@ zero_extendqisi2
 181 0018 BC88     		ldrh	r4, [r7, #4]
 182 001a 3B68     		ldr	r3, [r7]
 183 001c 0093     		str	r3, [sp]
 184 001e 0648     		ldr	r0, .L11
 185 0020 2346     		mov	r3, r4
 186 0022 FFF7FEFF 		bl	bsp_i2c_read
 187 0026 F860     		str	r0, [r7, #12]
 188 0028 FB68     		ldr	r3, [r7, #12]
 189 002a 002B     		cmp	r3, #0
 190 002c 01D0     		beq	.L9
 191              		.loc 1 25 0 is_stmt 0 discriminator 1
 192 002e FFF7FEFF 		bl	error_handler
 193              	.L9:
 194              	.LBE4:
  26:../src/i2c.c  **** }
 195              		.loc 1 26 0 is_stmt 1
 196 0032 1437     		adds	r7, r7, #20
 197              	.LCFI13:
 198              		.cfi_def_cfa_offset 12
 199 0034 BD46     		mov	sp, r7
 200              	.LCFI14:
 201              		.cfi_def_cfa_register 13
 202              		@ sp needed
 203 0036 90BD     		pop	{r4, r7, pc}
 204              	.L12:
 205              		.align	2
ARM GAS  /var/folders/_8/_cw6l3nd335f_j6cn6z79m4m0000gn/T//ccjL9Yad.s 			page 5


 206              	.L11:
 207 0038 00000000 		.word	handle
 208              		.cfi_endproc
 209              	.LFE137:
 211              		.text
 212              	.Letext0:
 213              		.file 2 "/Users/adambujak/Workspace/whisper_system/.dependencies/gcc-arm-none-eabi-4_9-2015q3/arm-
 214              		.file 3 "/Users/adambujak/Workspace/whisper_system/.dependencies/gcc-arm-none-eabi-4_9-2015q3/arm-
 215              		.file 4 "../../../../dependencies/stm/STM32F4_Cube/Drivers/CMSIS/Device/ST/STM32F4xx/Include/stm32
 216              		.file 5 "../../../../dependencies/stm/STM32F4_Cube/Drivers/STM32F4xx_HAL_Driver/Inc/stm32f4xx_hal_
 217              		.file 6 "../../../../dependencies/stm/STM32F4_Cube/Drivers/STM32F4xx_HAL_Driver/Inc/stm32f4xx_hal_
 218              		.file 7 "../../../../dependencies/stm/STM32F4_Cube/Drivers/STM32F4xx_HAL_Driver/Inc/stm32f4xx_hal_
 219              		.file 8 "../../../../development/system/boards/stm_dev_bsp/bsp.h"
 220              		.file 9 "../../../../dependencies/stm/STM32F4_Cube/Drivers/CMSIS/Include/core_cm4.h"
ARM GAS  /var/folders/_8/_cw6l3nd335f_j6cn6z79m4m0000gn/T//ccjL9Yad.s 			page 6


DEFINED SYMBOLS
                            *ABS*:0000000000000000 i2c.c
/var/folders/_8/_cw6l3nd335f_j6cn6z79m4m0000gn/T//ccjL9Yad.s:21     .bss.handle:0000000000000000 $d
/var/folders/_8/_cw6l3nd335f_j6cn6z79m4m0000gn/T//ccjL9Yad.s:24     .bss.handle:0000000000000000 handle
/var/folders/_8/_cw6l3nd335f_j6cn6z79m4m0000gn/T//ccjL9Yad.s:27     .text.i2c_init:0000000000000000 $t
/var/folders/_8/_cw6l3nd335f_j6cn6z79m4m0000gn/T//ccjL9Yad.s:32     .text.i2c_init:0000000000000000 i2c_init
/var/folders/_8/_cw6l3nd335f_j6cn6z79m4m0000gn/T//ccjL9Yad.s:74     .text.i2c_init:0000000000000020 $d
/var/folders/_8/_cw6l3nd335f_j6cn6z79m4m0000gn/T//ccjL9Yad.s:79     .text.i2c_write:0000000000000000 $t
/var/folders/_8/_cw6l3nd335f_j6cn6z79m4m0000gn/T//ccjL9Yad.s:84     .text.i2c_write:0000000000000000 i2c_write
/var/folders/_8/_cw6l3nd335f_j6cn6z79m4m0000gn/T//ccjL9Yad.s:142    .text.i2c_write:000000000000003c $d
/var/folders/_8/_cw6l3nd335f_j6cn6z79m4m0000gn/T//ccjL9Yad.s:147    .text.i2c_read:0000000000000000 $t
/var/folders/_8/_cw6l3nd335f_j6cn6z79m4m0000gn/T//ccjL9Yad.s:152    .text.i2c_read:0000000000000000 i2c_read
/var/folders/_8/_cw6l3nd335f_j6cn6z79m4m0000gn/T//ccjL9Yad.s:207    .text.i2c_read:0000000000000038 $d
                     .debug_frame:0000000000000010 $d
                           .group:0000000000000000 wm4.0.12d3039ce5a2552d46df25be77b64279
                           .group:0000000000000000 wm4.stddef.h.39.c744ceb84abf2f8351653f0e2622da1c
                           .group:0000000000000000 wm4.features.h.22.2e382148a0560adabf236cddd4e880f4
                           .group:0000000000000000 wm4._default_types.h.15.933e8edd27a65e0b69af4a865eb623d2
                           .group:0000000000000000 wm4._intsup.h.10.35a45952db64d30146faa63a55c20c1c
                           .group:0000000000000000 wm4._stdint.h.10.f76354baea1c7088202064e6f3d4f5e3
                           .group:0000000000000000 wm4.stdint.h.23.373a9d32a9e4c2e88fd347156532d281
                           .group:0000000000000000 wm4.FreeRTOSConfig.h.2.23623fc0cad83877f62ccd9ca9b417c2
                           .group:0000000000000000 wm4.projdefs.h.28.d6a7c9061b707820f2fcf4c2ff5d9f24
                           .group:0000000000000000 wm4.portmacro.h.30.0285ed3864ca8fd2e12d2b9aedd88dfd
                           .group:0000000000000000 wm4.portable.h.63.e9cc508c3850f44ce542149380c67812
                           .group:0000000000000000 wm4.mpu_wrappers.h.28.163fb40577cf8d1578015ea3f2ff4cdb
                           .group:0000000000000000 wm4.FreeRTOS.h.67.b174ccccfb8001b827e8ddeee1ca37a2
                           .group:0000000000000000 wm4.list.h.57.02ec67e07eacffe5ca7cfb7326896236
                           .group:0000000000000000 wm4.task.h.47.2d3fe49a094b8ec1e3e6aac441e8db21
                           .group:0000000000000000 wm4.queue.h.66.45d4a3cf5de24cde7e732f8dad25383c
                           .group:0000000000000000 wm4.timers.h.29.025d268d6baf57298309e7b498ee1cc7
                           .group:0000000000000000 wm4.semphr.h.38.96f44691bfa19eb833944d3a35b81e54
                           .group:0000000000000000 wm4.newlib.h.8.2702bca278809460f0af6fba1d84eb68
                           .group:0000000000000000 wm4.config.h.220.a09b0b0de3c25be3f39d71990e617bff
                           .group:0000000000000000 wm4._ansi.h.23.9f8fcfa20193763fcf364fb91705c94b
                           .group:0000000000000000 wm4.lock.h.2.9bc98482741e5e2a9450b12934a684ea
                           .group:0000000000000000 wm4._types.h.54.d3d34a3b7f3cc230cd159baf022b4b08
                           .group:0000000000000000 wm4.stddef.h.158.61317cdbfb4026324507d123a50b0fd6
                           .group:0000000000000000 wm4.reent.h.17.8bd9e4098e0428508c282cad794fae43
                           .group:0000000000000000 wm4.cdefs.h.47.a14b68a47d722a767cc4688ffe478d81
                           .group:0000000000000000 wm4.string.h.15.dab3980bf35408a4c507182805e2de3a
                           .group:0000000000000000 wm4.stddef.h.158.a7efb00f6cbc6f43213b50e183c9830c
                           .group:0000000000000000 wm4.stdio.h.27.3fc80220048df77954e38daec3bb9670
                           .group:0000000000000000 wm4.stdarg.h.34.3a23a216c0c293b3d2ea2e89281481e6
                           .group:0000000000000000 wm4.types.h.24.b2be5f53932a9c9d07787288b29b6d75
                           .group:0000000000000000 wm4.types.h.2.e9cec8c90ab35f77d9f499e06ae02400
                           .group:0000000000000000 wm4.types.h.82.82b71f3f44c70e3a459d0f66642b05eb
                           .group:0000000000000000 wm4.stdio.h.2.4aa87247282eca6c8f36f9de33d8df1a
                           .group:0000000000000000 wm4.stdio.h.68.a99a2db1e55915cfd1b035cc1e9fcff1
                           .group:0000000000000000 wm4.wst_common.h.9.8860a77277a68c3cc83109e96e83c7fb
                           .group:0000000000000000 wm4.com.h.15.68f97ab2f34c884c6815e65d0dd90bb3
                           .group:0000000000000000 wm4.stm32f4xx_hal_conf.h.2.af8b2ca6b03807d43d9ddf9698d1361c
                           .group:0000000000000000 wm4.stm32f4xx.h.39.1b09cc4be5834e402f47d342f5416be4
                           .group:0000000000000000 wm4.stm32f412zx.h.35.d9913ab15c3cc42510cd85c75dd3c4eb
                           .group:0000000000000000 wm4.cmsis_version.h.32.4d5822004c01a829a975260e854b5f8e
                           .group:0000000000000000 wm4.core_cm4.h.66.e4ff136c4a17abc46741866f64f8e729
                           .group:0000000000000000 wm4.cmsis_gcc.h.26.6774fe91202d65f4d5ffcff60e00da34
ARM GAS  /var/folders/_8/_cw6l3nd335f_j6cn6z79m4m0000gn/T//ccjL9Yad.s 			page 7


                           .group:0000000000000000 wm4.core_cm4.h.174.059a5e001a9e729091d1407208e93224
                           .group:0000000000000000 wm4.mpu_armv7.h.32.27b4593cb2f8d3152ca5d97a9d72b321
                           .group:0000000000000000 wm4.stm32f412zx.h.838.7f7dacbfe2e2c88ca5202f260290d6c1
                           .group:0000000000000000 wm4.stm32f4xx.h.196.23c4e4a5d465a121178374b8f4182f7c
                           .group:0000000000000000 wm4.stm32_hal_legacy.h.23.394d12941f5a0482dbe3c36ee9e57b2b
                           .group:0000000000000000 wm4.stm32f4xx_hal_def.h.58.d992c22c61c6949157bba427297782ea
                           .group:0000000000000000 wm4.stm32f4xx_hal_rcc_ex.h.22.fe15f7aa872c0ff0051d1df0fdd88661
                           .group:0000000000000000 wm4.stm32f4xx_hal_rcc.h.108.0c18a3cfc2dd91bdf92470b4bd0ea1b5
                           .group:0000000000000000 wm4.stm32f4xx_hal_exti.h.22.b6735b42221f61fdbfd800fa51550a85
                           .group:0000000000000000 wm4.stm32f4xx_hal_gpio.h.22.be2c6bcf9722096ea8f49a41bf6aa50c
                           .group:0000000000000000 wm4.stm32f4xx_hal_gpio_ex.h.22.5fac61f4372beb17c6941adb263493e1
                           .group:0000000000000000 wm4.stm32f4xx_hal_gpio.h.264.978ac12eab1d3b3400b35b8c427e2c33
                           .group:0000000000000000 wm4.stm32f4xx_hal_dma.h.22.fffce20ac9119c50557659c75e75ab1c
                           .group:0000000000000000 wm4.stm32f4xx_hal_dma.h.721.a1e57ffbc615f926e6509c5acc65e492
                           .group:0000000000000000 wm4.stm32f4xx_hal_cortex.h.22.e6aa3b847b5388be63c32d1f9e696ef7
                           .group:0000000000000000 wm4.stm32f4xx_hal_flash.h.22.31b301be2655c3eb8583e51c8231544a
                           .group:0000000000000000 wm4.stm32f4xx_hal_flash_ex.h.22.5016bda819f6a480c96be63516c36ab2
                           .group:0000000000000000 wm4.stm32f4xx_hal_flash.h.363.51efdf0f6c88f683efb89d7cc95cc1be
                           .group:0000000000000000 wm4.stm32f4xx_ll_fsmc.h.22.ed2b494a9a7d206deda6c53e626a4601
                           .group:0000000000000000 wm4.stm32f4xx_hal_i2c.h.22.7a518225417837eb3d0550cc95fa0a57
                           .group:0000000000000000 wm4.stm32f4xx_hal_i2c_ex.h.22.a90c9435159b7eaef7dc679da6295e14
                           .group:0000000000000000 wm4.stm32f4xx_hal_i2c.h.644.9d0aaa0659558fa97b5b5ac32630da6a
                           .group:0000000000000000 wm4.stm32f4xx_hal_pwr.h.22.2c27d93ae187efe3a73816f03a329970
                           .group:0000000000000000 wm4.stm32f4xx_hal_pwr_ex.h.22.a735ba4f49c5b2574a98d58f3b7ae925
                           .group:0000000000000000 wm4.stm32f4xx_hal_pwr.h.337.60b43975c84527a23cb6994b23165a5e
                           .group:0000000000000000 wm4.stm32f4xx_hal_spi.h.22.bc4a13b7a7ee3429db720a8d37eb1e5e
                           .group:0000000000000000 wm4.stm32f4xx_hal_tim.h.22.9c16860ec2cc7f3d941608a8f521bc4a
                           .group:0000000000000000 wm4.stm32f4xx_hal_tim_ex.h.22.2fde471485fd197eebc7c86251149c11
                           .group:0000000000000000 wm4.stm32f4xx_hal_uart.h.22.1edfd0da9670bd23245390d2a3da576d
                           .group:0000000000000000 wm4.stm32f4xx_hal.h.72.a5a58188aa461a0614f1e58e159c7840
                           .group:0000000000000000 wm4.stm32f4xx_nucleo_144.h.54.f0d042017bc81221aa085a20cf55c671
                           .group:0000000000000000 wm4.bsp.h.21.9e5c882e28336308e70ed2ea2ef4c431

UNDEFINED SYMBOLS
bsp_i2c_init
error_handler
bsp_i2c_write
bsp_i2c_read
