ARM GAS  /var/folders/_8/_cw6l3nd335f_j6cn6z79m4m0000gn/T//ccTaXirt.s 			page 1


   1              		.syntax unified
   2              		.cpu cortex-m4
   3              		.eabi_attribute 27, 1
   4              		.eabi_attribute 28, 1
   5              		.fpu fpv4-sp-d16
   6              		.eabi_attribute 20, 1
   7              		.eabi_attribute 21, 1
   8              		.eabi_attribute 23, 3
   9              		.eabi_attribute 24, 1
  10              		.eabi_attribute 25, 1
  11              		.eabi_attribute 26, 1
  12              		.eabi_attribute 30, 6
  13              		.eabi_attribute 34, 1
  14              		.eabi_attribute 18, 4
  15              		.thumb
  16              		.file	"list.c"
  17              		.text
  18              	.Ltext0:
  19              		.cfi_sections	.debug_frame
  20              		.section	.text.vListInitialise,"ax",%progbits
  21              		.align	2
  22              		.global	vListInitialise
  23              		.thumb
  24              		.thumb_func
  26              	vListInitialise:
  27              	.LFB5:
  28              		.file 1 "../../../../dependencies/freertos/FreeRTOSv10.4.1/FreeRTOS/Source/list.c"
   1:../../../../dependencies/freertos/FreeRTOSv10.4.1/FreeRTOS/Source/list.c **** /*
   2:../../../../dependencies/freertos/FreeRTOSv10.4.1/FreeRTOS/Source/list.c ****  * FreeRTOS Kernel V10.4.1
   3:../../../../dependencies/freertos/FreeRTOSv10.4.1/FreeRTOS/Source/list.c ****  * Copyright (C) 2020 Amazon.com, Inc. or its affiliates.  All Rights Reserved.
   4:../../../../dependencies/freertos/FreeRTOSv10.4.1/FreeRTOS/Source/list.c ****  *
   5:../../../../dependencies/freertos/FreeRTOSv10.4.1/FreeRTOS/Source/list.c ****  * Permission is hereby granted, free of charge, to any person obtaining a copy of
   6:../../../../dependencies/freertos/FreeRTOSv10.4.1/FreeRTOS/Source/list.c ****  * this software and associated documentation files (the "Software"), to deal in
   7:../../../../dependencies/freertos/FreeRTOSv10.4.1/FreeRTOS/Source/list.c ****  * the Software without restriction, including without limitation the rights to
   8:../../../../dependencies/freertos/FreeRTOSv10.4.1/FreeRTOS/Source/list.c ****  * use, copy, modify, merge, publish, distribute, sublicense, and/or sell copies of
   9:../../../../dependencies/freertos/FreeRTOSv10.4.1/FreeRTOS/Source/list.c ****  * the Software, and to permit persons to whom the Software is furnished to do so,
  10:../../../../dependencies/freertos/FreeRTOSv10.4.1/FreeRTOS/Source/list.c ****  * subject to the following conditions:
  11:../../../../dependencies/freertos/FreeRTOSv10.4.1/FreeRTOS/Source/list.c ****  *
  12:../../../../dependencies/freertos/FreeRTOSv10.4.1/FreeRTOS/Source/list.c ****  * The above copyright notice and this permission notice shall be included in all
  13:../../../../dependencies/freertos/FreeRTOSv10.4.1/FreeRTOS/Source/list.c ****  * copies or substantial portions of the Software.
  14:../../../../dependencies/freertos/FreeRTOSv10.4.1/FreeRTOS/Source/list.c ****  *
  15:../../../../dependencies/freertos/FreeRTOSv10.4.1/FreeRTOS/Source/list.c ****  * THE SOFTWARE IS PROVIDED "AS IS", WITHOUT WARRANTY OF ANY KIND, EXPRESS OR
  16:../../../../dependencies/freertos/FreeRTOSv10.4.1/FreeRTOS/Source/list.c ****  * IMPLIED, INCLUDING BUT NOT LIMITED TO THE WARRANTIES OF MERCHANTABILITY, FITNESS
  17:../../../../dependencies/freertos/FreeRTOSv10.4.1/FreeRTOS/Source/list.c ****  * FOR A PARTICULAR PURPOSE AND NONINFRINGEMENT. IN NO EVENT SHALL THE AUTHORS OR
  18:../../../../dependencies/freertos/FreeRTOSv10.4.1/FreeRTOS/Source/list.c ****  * COPYRIGHT HOLDERS BE LIABLE FOR ANY CLAIM, DAMAGES OR OTHER LIABILITY, WHETHER
  19:../../../../dependencies/freertos/FreeRTOSv10.4.1/FreeRTOS/Source/list.c ****  * IN AN ACTION OF CONTRACT, TORT OR OTHERWISE, ARISING FROM, OUT OF OR IN
  20:../../../../dependencies/freertos/FreeRTOSv10.4.1/FreeRTOS/Source/list.c ****  * CONNECTION WITH THE SOFTWARE OR THE USE OR OTHER DEALINGS IN THE SOFTWARE.
  21:../../../../dependencies/freertos/FreeRTOSv10.4.1/FreeRTOS/Source/list.c ****  *
  22:../../../../dependencies/freertos/FreeRTOSv10.4.1/FreeRTOS/Source/list.c ****  * https://www.FreeRTOS.org
  23:../../../../dependencies/freertos/FreeRTOSv10.4.1/FreeRTOS/Source/list.c ****  * https://github.com/FreeRTOS
  24:../../../../dependencies/freertos/FreeRTOSv10.4.1/FreeRTOS/Source/list.c ****  *
  25:../../../../dependencies/freertos/FreeRTOSv10.4.1/FreeRTOS/Source/list.c ****  */
  26:../../../../dependencies/freertos/FreeRTOSv10.4.1/FreeRTOS/Source/list.c **** 
  27:../../../../dependencies/freertos/FreeRTOSv10.4.1/FreeRTOS/Source/list.c **** 
  28:../../../../dependencies/freertos/FreeRTOSv10.4.1/FreeRTOS/Source/list.c **** #include <stdlib.h>
  29:../../../../dependencies/freertos/FreeRTOSv10.4.1/FreeRTOS/Source/list.c **** 
  30:../../../../dependencies/freertos/FreeRTOSv10.4.1/FreeRTOS/Source/list.c **** /* Defining MPU_WRAPPERS_INCLUDED_FROM_API_FILE prevents task.h from redefining
ARM GAS  /var/folders/_8/_cw6l3nd335f_j6cn6z79m4m0000gn/T//ccTaXirt.s 			page 2


  31:../../../../dependencies/freertos/FreeRTOSv10.4.1/FreeRTOS/Source/list.c ****  * all the API functions to use the MPU wrappers.  That should only be done when
  32:../../../../dependencies/freertos/FreeRTOSv10.4.1/FreeRTOS/Source/list.c ****  * task.h is included from an application file. */
  33:../../../../dependencies/freertos/FreeRTOSv10.4.1/FreeRTOS/Source/list.c **** #define MPU_WRAPPERS_INCLUDED_FROM_API_FILE
  34:../../../../dependencies/freertos/FreeRTOSv10.4.1/FreeRTOS/Source/list.c **** 
  35:../../../../dependencies/freertos/FreeRTOSv10.4.1/FreeRTOS/Source/list.c **** #include "FreeRTOS.h"
  36:../../../../dependencies/freertos/FreeRTOSv10.4.1/FreeRTOS/Source/list.c **** #include "list.h"
  37:../../../../dependencies/freertos/FreeRTOSv10.4.1/FreeRTOS/Source/list.c **** 
  38:../../../../dependencies/freertos/FreeRTOSv10.4.1/FreeRTOS/Source/list.c **** /* Lint e9021, e961 and e750 are suppressed as a MISRA exception justified
  39:../../../../dependencies/freertos/FreeRTOSv10.4.1/FreeRTOS/Source/list.c ****  * because the MPU ports require MPU_WRAPPERS_INCLUDED_FROM_API_FILE to be
  40:../../../../dependencies/freertos/FreeRTOSv10.4.1/FreeRTOS/Source/list.c ****  * defined for the header files above, but not in this file, in order to
  41:../../../../dependencies/freertos/FreeRTOSv10.4.1/FreeRTOS/Source/list.c ****  * generate the correct privileged Vs unprivileged linkage and placement. */
  42:../../../../dependencies/freertos/FreeRTOSv10.4.1/FreeRTOS/Source/list.c **** #undef MPU_WRAPPERS_INCLUDED_FROM_API_FILE /*lint !e961 !e750 !e9021. */
  43:../../../../dependencies/freertos/FreeRTOSv10.4.1/FreeRTOS/Source/list.c **** 
  44:../../../../dependencies/freertos/FreeRTOSv10.4.1/FreeRTOS/Source/list.c **** /*-----------------------------------------------------------
  45:../../../../dependencies/freertos/FreeRTOSv10.4.1/FreeRTOS/Source/list.c **** * PUBLIC LIST API documented in list.h
  46:../../../../dependencies/freertos/FreeRTOSv10.4.1/FreeRTOS/Source/list.c **** *----------------------------------------------------------*/
  47:../../../../dependencies/freertos/FreeRTOSv10.4.1/FreeRTOS/Source/list.c **** 
  48:../../../../dependencies/freertos/FreeRTOSv10.4.1/FreeRTOS/Source/list.c **** void vListInitialise( List_t * const pxList )
  49:../../../../dependencies/freertos/FreeRTOSv10.4.1/FreeRTOS/Source/list.c **** {
  29              		.loc 1 49 0
  30              		.cfi_startproc
  31              		@ args = 0, pretend = 0, frame = 8
  32              		@ frame_needed = 1, uses_anonymous_args = 0
  33              		@ link register save eliminated.
  34 0000 80B4     		push	{r7}
  35              	.LCFI0:
  36              		.cfi_def_cfa_offset 4
  37              		.cfi_offset 7, -4
  38 0002 83B0     		sub	sp, sp, #12
  39              	.LCFI1:
  40              		.cfi_def_cfa_offset 16
  41 0004 00AF     		add	r7, sp, #0
  42              	.LCFI2:
  43              		.cfi_def_cfa_register 7
  44 0006 7860     		str	r0, [r7, #4]
  50:../../../../dependencies/freertos/FreeRTOSv10.4.1/FreeRTOS/Source/list.c ****     /* The list structure contains a list item which is used to mark the
  51:../../../../dependencies/freertos/FreeRTOSv10.4.1/FreeRTOS/Source/list.c ****      * end of the list.  To initialise the list the list end is inserted
  52:../../../../dependencies/freertos/FreeRTOSv10.4.1/FreeRTOS/Source/list.c ****      * as the only list entry. */
  53:../../../../dependencies/freertos/FreeRTOSv10.4.1/FreeRTOS/Source/list.c ****     pxList->pxIndex = ( ListItem_t * ) &( pxList->xListEnd ); /*lint !e826 !e740 !e9087 The mini li
  45              		.loc 1 53 0
  46 0008 7B68     		ldr	r3, [r7, #4]
  47 000a 03F10802 		add	r2, r3, #8
  48 000e 7B68     		ldr	r3, [r7, #4]
  49 0010 5A60     		str	r2, [r3, #4]
  54:../../../../dependencies/freertos/FreeRTOSv10.4.1/FreeRTOS/Source/list.c **** 
  55:../../../../dependencies/freertos/FreeRTOSv10.4.1/FreeRTOS/Source/list.c ****     /* The list end value is the highest possible value in the list to
  56:../../../../dependencies/freertos/FreeRTOSv10.4.1/FreeRTOS/Source/list.c ****      * ensure it remains at the end of the list. */
  57:../../../../dependencies/freertos/FreeRTOSv10.4.1/FreeRTOS/Source/list.c ****     pxList->xListEnd.xItemValue = portMAX_DELAY;
  50              		.loc 1 57 0
  51 0012 7B68     		ldr	r3, [r7, #4]
  52 0014 4FF0FF32 		mov	r2, #-1
  53 0018 9A60     		str	r2, [r3, #8]
  58:../../../../dependencies/freertos/FreeRTOSv10.4.1/FreeRTOS/Source/list.c **** 
  59:../../../../dependencies/freertos/FreeRTOSv10.4.1/FreeRTOS/Source/list.c ****     /* The list end next and previous pointers point to itself so we know
  60:../../../../dependencies/freertos/FreeRTOSv10.4.1/FreeRTOS/Source/list.c ****      * when the list is empty. */
  61:../../../../dependencies/freertos/FreeRTOSv10.4.1/FreeRTOS/Source/list.c ****     pxList->xListEnd.pxNext = ( ListItem_t * ) &( pxList->xListEnd );     /*lint !e826 !e740 !e9087
  54              		.loc 1 61 0
ARM GAS  /var/folders/_8/_cw6l3nd335f_j6cn6z79m4m0000gn/T//ccTaXirt.s 			page 3


  55 001a 7B68     		ldr	r3, [r7, #4]
  56 001c 03F10802 		add	r2, r3, #8
  57 0020 7B68     		ldr	r3, [r7, #4]
  58 0022 DA60     		str	r2, [r3, #12]
  62:../../../../dependencies/freertos/FreeRTOSv10.4.1/FreeRTOS/Source/list.c ****     pxList->xListEnd.pxPrevious = ( ListItem_t * ) &( pxList->xListEnd ); /*lint !e826 !e740 !e9087
  59              		.loc 1 62 0
  60 0024 7B68     		ldr	r3, [r7, #4]
  61 0026 03F10802 		add	r2, r3, #8
  62 002a 7B68     		ldr	r3, [r7, #4]
  63 002c 1A61     		str	r2, [r3, #16]
  63:../../../../dependencies/freertos/FreeRTOSv10.4.1/FreeRTOS/Source/list.c **** 
  64:../../../../dependencies/freertos/FreeRTOSv10.4.1/FreeRTOS/Source/list.c ****     pxList->uxNumberOfItems = ( UBaseType_t ) 0U;
  64              		.loc 1 64 0
  65 002e 7B68     		ldr	r3, [r7, #4]
  66 0030 0022     		movs	r2, #0
  67 0032 1A60     		str	r2, [r3]
  65:../../../../dependencies/freertos/FreeRTOSv10.4.1/FreeRTOS/Source/list.c **** 
  66:../../../../dependencies/freertos/FreeRTOSv10.4.1/FreeRTOS/Source/list.c ****     /* Write known values into the list if
  67:../../../../dependencies/freertos/FreeRTOSv10.4.1/FreeRTOS/Source/list.c ****      * configUSE_LIST_DATA_INTEGRITY_CHECK_BYTES is set to 1. */
  68:../../../../dependencies/freertos/FreeRTOSv10.4.1/FreeRTOS/Source/list.c ****     listSET_LIST_INTEGRITY_CHECK_1_VALUE( pxList );
  69:../../../../dependencies/freertos/FreeRTOSv10.4.1/FreeRTOS/Source/list.c ****     listSET_LIST_INTEGRITY_CHECK_2_VALUE( pxList );
  70:../../../../dependencies/freertos/FreeRTOSv10.4.1/FreeRTOS/Source/list.c **** }
  68              		.loc 1 70 0
  69 0034 0C37     		adds	r7, r7, #12
  70              	.LCFI3:
  71              		.cfi_def_cfa_offset 4
  72 0036 BD46     		mov	sp, r7
  73              	.LCFI4:
  74              		.cfi_def_cfa_register 13
  75              		@ sp needed
  76 0038 5DF8047B 		ldr	r7, [sp], #4
  77              	.LCFI5:
  78              		.cfi_restore 7
  79              		.cfi_def_cfa_offset 0
  80 003c 7047     		bx	lr
  81              		.cfi_endproc
  82              	.LFE5:
  84 003e 00BF     		.section	.text.vListInitialiseItem,"ax",%progbits
  85              		.align	2
  86              		.global	vListInitialiseItem
  87              		.thumb
  88              		.thumb_func
  90              	vListInitialiseItem:
  91              	.LFB6:
  71:../../../../dependencies/freertos/FreeRTOSv10.4.1/FreeRTOS/Source/list.c **** /*-----------------------------------------------------------*/
  72:../../../../dependencies/freertos/FreeRTOSv10.4.1/FreeRTOS/Source/list.c **** 
  73:../../../../dependencies/freertos/FreeRTOSv10.4.1/FreeRTOS/Source/list.c **** void vListInitialiseItem( ListItem_t * const pxItem )
  74:../../../../dependencies/freertos/FreeRTOSv10.4.1/FreeRTOS/Source/list.c **** {
  92              		.loc 1 74 0
  93              		.cfi_startproc
  94              		@ args = 0, pretend = 0, frame = 8
  95              		@ frame_needed = 1, uses_anonymous_args = 0
  96              		@ link register save eliminated.
  97 0000 80B4     		push	{r7}
  98              	.LCFI6:
  99              		.cfi_def_cfa_offset 4
 100              		.cfi_offset 7, -4
ARM GAS  /var/folders/_8/_cw6l3nd335f_j6cn6z79m4m0000gn/T//ccTaXirt.s 			page 4


 101 0002 83B0     		sub	sp, sp, #12
 102              	.LCFI7:
 103              		.cfi_def_cfa_offset 16
 104 0004 00AF     		add	r7, sp, #0
 105              	.LCFI8:
 106              		.cfi_def_cfa_register 7
 107 0006 7860     		str	r0, [r7, #4]
  75:../../../../dependencies/freertos/FreeRTOSv10.4.1/FreeRTOS/Source/list.c ****     /* Make sure the list item is not recorded as being on a list. */
  76:../../../../dependencies/freertos/FreeRTOSv10.4.1/FreeRTOS/Source/list.c ****     pxItem->pxContainer = NULL;
 108              		.loc 1 76 0
 109 0008 7B68     		ldr	r3, [r7, #4]
 110 000a 0022     		movs	r2, #0
 111 000c 1A61     		str	r2, [r3, #16]
  77:../../../../dependencies/freertos/FreeRTOSv10.4.1/FreeRTOS/Source/list.c **** 
  78:../../../../dependencies/freertos/FreeRTOSv10.4.1/FreeRTOS/Source/list.c ****     /* Write known values into the list item if
  79:../../../../dependencies/freertos/FreeRTOSv10.4.1/FreeRTOS/Source/list.c ****      * configUSE_LIST_DATA_INTEGRITY_CHECK_BYTES is set to 1. */
  80:../../../../dependencies/freertos/FreeRTOSv10.4.1/FreeRTOS/Source/list.c ****     listSET_FIRST_LIST_ITEM_INTEGRITY_CHECK_VALUE( pxItem );
  81:../../../../dependencies/freertos/FreeRTOSv10.4.1/FreeRTOS/Source/list.c ****     listSET_SECOND_LIST_ITEM_INTEGRITY_CHECK_VALUE( pxItem );
  82:../../../../dependencies/freertos/FreeRTOSv10.4.1/FreeRTOS/Source/list.c **** }
 112              		.loc 1 82 0
 113 000e 0C37     		adds	r7, r7, #12
 114              	.LCFI9:
 115              		.cfi_def_cfa_offset 4
 116 0010 BD46     		mov	sp, r7
 117              	.LCFI10:
 118              		.cfi_def_cfa_register 13
 119              		@ sp needed
 120 0012 5DF8047B 		ldr	r7, [sp], #4
 121              	.LCFI11:
 122              		.cfi_restore 7
 123              		.cfi_def_cfa_offset 0
 124 0016 7047     		bx	lr
 125              		.cfi_endproc
 126              	.LFE6:
 128              		.section	.text.vListInsertEnd,"ax",%progbits
 129              		.align	2
 130              		.global	vListInsertEnd
 131              		.thumb
 132              		.thumb_func
 134              	vListInsertEnd:
 135              	.LFB7:
  83:../../../../dependencies/freertos/FreeRTOSv10.4.1/FreeRTOS/Source/list.c **** /*-----------------------------------------------------------*/
  84:../../../../dependencies/freertos/FreeRTOSv10.4.1/FreeRTOS/Source/list.c **** 
  85:../../../../dependencies/freertos/FreeRTOSv10.4.1/FreeRTOS/Source/list.c **** void vListInsertEnd( List_t * const pxList,
  86:../../../../dependencies/freertos/FreeRTOSv10.4.1/FreeRTOS/Source/list.c ****                      ListItem_t * const pxNewListItem )
  87:../../../../dependencies/freertos/FreeRTOSv10.4.1/FreeRTOS/Source/list.c **** {
 136              		.loc 1 87 0
 137              		.cfi_startproc
 138              		@ args = 0, pretend = 0, frame = 16
 139              		@ frame_needed = 1, uses_anonymous_args = 0
 140              		@ link register save eliminated.
 141 0000 80B4     		push	{r7}
 142              	.LCFI12:
 143              		.cfi_def_cfa_offset 4
 144              		.cfi_offset 7, -4
 145 0002 85B0     		sub	sp, sp, #20
 146              	.LCFI13:
ARM GAS  /var/folders/_8/_cw6l3nd335f_j6cn6z79m4m0000gn/T//ccTaXirt.s 			page 5


 147              		.cfi_def_cfa_offset 24
 148 0004 00AF     		add	r7, sp, #0
 149              	.LCFI14:
 150              		.cfi_def_cfa_register 7
 151 0006 7860     		str	r0, [r7, #4]
 152 0008 3960     		str	r1, [r7]
  88:../../../../dependencies/freertos/FreeRTOSv10.4.1/FreeRTOS/Source/list.c ****     ListItem_t * const pxIndex = pxList->pxIndex;
 153              		.loc 1 88 0
 154 000a 7B68     		ldr	r3, [r7, #4]
 155 000c 5B68     		ldr	r3, [r3, #4]
 156 000e FB60     		str	r3, [r7, #12]
  89:../../../../dependencies/freertos/FreeRTOSv10.4.1/FreeRTOS/Source/list.c **** 
  90:../../../../dependencies/freertos/FreeRTOSv10.4.1/FreeRTOS/Source/list.c ****     /* Only effective when configASSERT() is also defined, these tests may catch
  91:../../../../dependencies/freertos/FreeRTOSv10.4.1/FreeRTOS/Source/list.c ****      * the list data structures being overwritten in memory.  They will not catch
  92:../../../../dependencies/freertos/FreeRTOSv10.4.1/FreeRTOS/Source/list.c ****      * data errors caused by incorrect configuration or use of FreeRTOS. */
  93:../../../../dependencies/freertos/FreeRTOSv10.4.1/FreeRTOS/Source/list.c ****     listTEST_LIST_INTEGRITY( pxList );
  94:../../../../dependencies/freertos/FreeRTOSv10.4.1/FreeRTOS/Source/list.c ****     listTEST_LIST_ITEM_INTEGRITY( pxNewListItem );
  95:../../../../dependencies/freertos/FreeRTOSv10.4.1/FreeRTOS/Source/list.c **** 
  96:../../../../dependencies/freertos/FreeRTOSv10.4.1/FreeRTOS/Source/list.c ****     /* Insert a new list item into pxList, but rather than sort the list,
  97:../../../../dependencies/freertos/FreeRTOSv10.4.1/FreeRTOS/Source/list.c ****      * makes the new list item the last item to be removed by a call to
  98:../../../../dependencies/freertos/FreeRTOSv10.4.1/FreeRTOS/Source/list.c ****      * listGET_OWNER_OF_NEXT_ENTRY(). */
  99:../../../../dependencies/freertos/FreeRTOSv10.4.1/FreeRTOS/Source/list.c ****     pxNewListItem->pxNext = pxIndex;
 157              		.loc 1 99 0
 158 0010 3B68     		ldr	r3, [r7]
 159 0012 FA68     		ldr	r2, [r7, #12]
 160 0014 5A60     		str	r2, [r3, #4]
 100:../../../../dependencies/freertos/FreeRTOSv10.4.1/FreeRTOS/Source/list.c ****     pxNewListItem->pxPrevious = pxIndex->pxPrevious;
 161              		.loc 1 100 0
 162 0016 FB68     		ldr	r3, [r7, #12]
 163 0018 9A68     		ldr	r2, [r3, #8]
 164 001a 3B68     		ldr	r3, [r7]
 165 001c 9A60     		str	r2, [r3, #8]
 101:../../../../dependencies/freertos/FreeRTOSv10.4.1/FreeRTOS/Source/list.c **** 
 102:../../../../dependencies/freertos/FreeRTOSv10.4.1/FreeRTOS/Source/list.c ****     /* Only used during decision coverage testing. */
 103:../../../../dependencies/freertos/FreeRTOSv10.4.1/FreeRTOS/Source/list.c ****     mtCOVERAGE_TEST_DELAY();
 104:../../../../dependencies/freertos/FreeRTOSv10.4.1/FreeRTOS/Source/list.c **** 
 105:../../../../dependencies/freertos/FreeRTOSv10.4.1/FreeRTOS/Source/list.c ****     pxIndex->pxPrevious->pxNext = pxNewListItem;
 166              		.loc 1 105 0
 167 001e FB68     		ldr	r3, [r7, #12]
 168 0020 9B68     		ldr	r3, [r3, #8]
 169 0022 3A68     		ldr	r2, [r7]
 170 0024 5A60     		str	r2, [r3, #4]
 106:../../../../dependencies/freertos/FreeRTOSv10.4.1/FreeRTOS/Source/list.c ****     pxIndex->pxPrevious = pxNewListItem;
 171              		.loc 1 106 0
 172 0026 FB68     		ldr	r3, [r7, #12]
 173 0028 3A68     		ldr	r2, [r7]
 174 002a 9A60     		str	r2, [r3, #8]
 107:../../../../dependencies/freertos/FreeRTOSv10.4.1/FreeRTOS/Source/list.c **** 
 108:../../../../dependencies/freertos/FreeRTOSv10.4.1/FreeRTOS/Source/list.c ****     /* Remember which list the item is in. */
 109:../../../../dependencies/freertos/FreeRTOSv10.4.1/FreeRTOS/Source/list.c ****     pxNewListItem->pxContainer = pxList;
 175              		.loc 1 109 0
 176 002c 3B68     		ldr	r3, [r7]
 177 002e 7A68     		ldr	r2, [r7, #4]
 178 0030 1A61     		str	r2, [r3, #16]
 110:../../../../dependencies/freertos/FreeRTOSv10.4.1/FreeRTOS/Source/list.c **** 
 111:../../../../dependencies/freertos/FreeRTOSv10.4.1/FreeRTOS/Source/list.c ****     ( pxList->uxNumberOfItems )++;
 179              		.loc 1 111 0
ARM GAS  /var/folders/_8/_cw6l3nd335f_j6cn6z79m4m0000gn/T//ccTaXirt.s 			page 6


 180 0032 7B68     		ldr	r3, [r7, #4]
 181 0034 1B68     		ldr	r3, [r3]
 182 0036 5A1C     		adds	r2, r3, #1
 183 0038 7B68     		ldr	r3, [r7, #4]
 184 003a 1A60     		str	r2, [r3]
 112:../../../../dependencies/freertos/FreeRTOSv10.4.1/FreeRTOS/Source/list.c **** }
 185              		.loc 1 112 0
 186 003c 1437     		adds	r7, r7, #20
 187              	.LCFI15:
 188              		.cfi_def_cfa_offset 4
 189 003e BD46     		mov	sp, r7
 190              	.LCFI16:
 191              		.cfi_def_cfa_register 13
 192              		@ sp needed
 193 0040 5DF8047B 		ldr	r7, [sp], #4
 194              	.LCFI17:
 195              		.cfi_restore 7
 196              		.cfi_def_cfa_offset 0
 197 0044 7047     		bx	lr
 198              		.cfi_endproc
 199              	.LFE7:
 201 0046 00BF     		.section	.text.vListInsert,"ax",%progbits
 202              		.align	2
 203              		.global	vListInsert
 204              		.thumb
 205              		.thumb_func
 207              	vListInsert:
 208              	.LFB8:
 113:../../../../dependencies/freertos/FreeRTOSv10.4.1/FreeRTOS/Source/list.c **** /*-----------------------------------------------------------*/
 114:../../../../dependencies/freertos/FreeRTOSv10.4.1/FreeRTOS/Source/list.c **** 
 115:../../../../dependencies/freertos/FreeRTOSv10.4.1/FreeRTOS/Source/list.c **** void vListInsert( List_t * const pxList,
 116:../../../../dependencies/freertos/FreeRTOSv10.4.1/FreeRTOS/Source/list.c ****                   ListItem_t * const pxNewListItem )
 117:../../../../dependencies/freertos/FreeRTOSv10.4.1/FreeRTOS/Source/list.c **** {
 209              		.loc 1 117 0
 210              		.cfi_startproc
 211              		@ args = 0, pretend = 0, frame = 16
 212              		@ frame_needed = 1, uses_anonymous_args = 0
 213              		@ link register save eliminated.
 214 0000 80B4     		push	{r7}
 215              	.LCFI18:
 216              		.cfi_def_cfa_offset 4
 217              		.cfi_offset 7, -4
 218 0002 85B0     		sub	sp, sp, #20
 219              	.LCFI19:
 220              		.cfi_def_cfa_offset 24
 221 0004 00AF     		add	r7, sp, #0
 222              	.LCFI20:
 223              		.cfi_def_cfa_register 7
 224 0006 7860     		str	r0, [r7, #4]
 225 0008 3960     		str	r1, [r7]
 118:../../../../dependencies/freertos/FreeRTOSv10.4.1/FreeRTOS/Source/list.c ****     ListItem_t * pxIterator;
 119:../../../../dependencies/freertos/FreeRTOSv10.4.1/FreeRTOS/Source/list.c ****     const TickType_t xValueOfInsertion = pxNewListItem->xItemValue;
 226              		.loc 1 119 0
 227 000a 3B68     		ldr	r3, [r7]
 228 000c 1B68     		ldr	r3, [r3]
 229 000e BB60     		str	r3, [r7, #8]
 120:../../../../dependencies/freertos/FreeRTOSv10.4.1/FreeRTOS/Source/list.c **** 
ARM GAS  /var/folders/_8/_cw6l3nd335f_j6cn6z79m4m0000gn/T//ccTaXirt.s 			page 7


 121:../../../../dependencies/freertos/FreeRTOSv10.4.1/FreeRTOS/Source/list.c ****     /* Only effective when configASSERT() is also defined, these tests may catch
 122:../../../../dependencies/freertos/FreeRTOSv10.4.1/FreeRTOS/Source/list.c ****      * the list data structures being overwritten in memory.  They will not catch
 123:../../../../dependencies/freertos/FreeRTOSv10.4.1/FreeRTOS/Source/list.c ****      * data errors caused by incorrect configuration or use of FreeRTOS. */
 124:../../../../dependencies/freertos/FreeRTOSv10.4.1/FreeRTOS/Source/list.c ****     listTEST_LIST_INTEGRITY( pxList );
 125:../../../../dependencies/freertos/FreeRTOSv10.4.1/FreeRTOS/Source/list.c ****     listTEST_LIST_ITEM_INTEGRITY( pxNewListItem );
 126:../../../../dependencies/freertos/FreeRTOSv10.4.1/FreeRTOS/Source/list.c **** 
 127:../../../../dependencies/freertos/FreeRTOSv10.4.1/FreeRTOS/Source/list.c ****     /* Insert the new list item into the list, sorted in xItemValue order.
 128:../../../../dependencies/freertos/FreeRTOSv10.4.1/FreeRTOS/Source/list.c ****      *
 129:../../../../dependencies/freertos/FreeRTOSv10.4.1/FreeRTOS/Source/list.c ****      * If the list already contains a list item with the same item value then the
 130:../../../../dependencies/freertos/FreeRTOSv10.4.1/FreeRTOS/Source/list.c ****      * new list item should be placed after it.  This ensures that TCBs which are
 131:../../../../dependencies/freertos/FreeRTOSv10.4.1/FreeRTOS/Source/list.c ****      * stored in ready lists (all of which have the same xItemValue value) get a
 132:../../../../dependencies/freertos/FreeRTOSv10.4.1/FreeRTOS/Source/list.c ****      * share of the CPU.  However, if the xItemValue is the same as the back marker
 133:../../../../dependencies/freertos/FreeRTOSv10.4.1/FreeRTOS/Source/list.c ****      * the iteration loop below will not end.  Therefore the value is checked
 134:../../../../dependencies/freertos/FreeRTOSv10.4.1/FreeRTOS/Source/list.c ****      * first, and the algorithm slightly modified if necessary. */
 135:../../../../dependencies/freertos/FreeRTOSv10.4.1/FreeRTOS/Source/list.c ****     if( xValueOfInsertion == portMAX_DELAY )
 230              		.loc 1 135 0
 231 0010 BB68     		ldr	r3, [r7, #8]
 232 0012 B3F1FF3F 		cmp	r3, #-1
 233 0016 03D1     		bne	.L5
 136:../../../../dependencies/freertos/FreeRTOSv10.4.1/FreeRTOS/Source/list.c ****     {
 137:../../../../dependencies/freertos/FreeRTOSv10.4.1/FreeRTOS/Source/list.c ****         pxIterator = pxList->xListEnd.pxPrevious;
 234              		.loc 1 137 0
 235 0018 7B68     		ldr	r3, [r7, #4]
 236 001a 1B69     		ldr	r3, [r3, #16]
 237 001c FB60     		str	r3, [r7, #12]
 238 001e 0CE0     		b	.L6
 239              	.L5:
 138:../../../../dependencies/freertos/FreeRTOSv10.4.1/FreeRTOS/Source/list.c ****     }
 139:../../../../dependencies/freertos/FreeRTOSv10.4.1/FreeRTOS/Source/list.c ****     else
 140:../../../../dependencies/freertos/FreeRTOSv10.4.1/FreeRTOS/Source/list.c ****     {
 141:../../../../dependencies/freertos/FreeRTOSv10.4.1/FreeRTOS/Source/list.c ****         /* *** NOTE ***********************************************************
 142:../../../../dependencies/freertos/FreeRTOSv10.4.1/FreeRTOS/Source/list.c ****         *  If you find your application is crashing here then likely causes are
 143:../../../../dependencies/freertos/FreeRTOSv10.4.1/FreeRTOS/Source/list.c ****         *  listed below.  In addition see https://www.FreeRTOS.org/FAQHelp.html for
 144:../../../../dependencies/freertos/FreeRTOSv10.4.1/FreeRTOS/Source/list.c ****         *  more tips, and ensure configASSERT() is defined!
 145:../../../../dependencies/freertos/FreeRTOSv10.4.1/FreeRTOS/Source/list.c ****         *  https://www.FreeRTOS.org/a00110.html#configASSERT
 146:../../../../dependencies/freertos/FreeRTOSv10.4.1/FreeRTOS/Source/list.c ****         *
 147:../../../../dependencies/freertos/FreeRTOSv10.4.1/FreeRTOS/Source/list.c ****         *   1) Stack overflow -
 148:../../../../dependencies/freertos/FreeRTOSv10.4.1/FreeRTOS/Source/list.c ****         *      see https://www.FreeRTOS.org/Stacks-and-stack-overflow-checking.html
 149:../../../../dependencies/freertos/FreeRTOSv10.4.1/FreeRTOS/Source/list.c ****         *   2) Incorrect interrupt priority assignment, especially on Cortex-M
 150:../../../../dependencies/freertos/FreeRTOSv10.4.1/FreeRTOS/Source/list.c ****         *      parts where numerically high priority values denote low actual
 151:../../../../dependencies/freertos/FreeRTOSv10.4.1/FreeRTOS/Source/list.c ****         *      interrupt priorities, which can seem counter intuitive.  See
 152:../../../../dependencies/freertos/FreeRTOSv10.4.1/FreeRTOS/Source/list.c ****         *      https://www.FreeRTOS.org/RTOS-Cortex-M3-M4.html and the definition
 153:../../../../dependencies/freertos/FreeRTOSv10.4.1/FreeRTOS/Source/list.c ****         *      of configMAX_SYSCALL_INTERRUPT_PRIORITY on
 154:../../../../dependencies/freertos/FreeRTOSv10.4.1/FreeRTOS/Source/list.c ****         *      https://www.FreeRTOS.org/a00110.html
 155:../../../../dependencies/freertos/FreeRTOSv10.4.1/FreeRTOS/Source/list.c ****         *   3) Calling an API function from within a critical section or when
 156:../../../../dependencies/freertos/FreeRTOSv10.4.1/FreeRTOS/Source/list.c ****         *      the scheduler is suspended, or calling an API function that does
 157:../../../../dependencies/freertos/FreeRTOSv10.4.1/FreeRTOS/Source/list.c ****         *      not end in "FromISR" from an interrupt.
 158:../../../../dependencies/freertos/FreeRTOSv10.4.1/FreeRTOS/Source/list.c ****         *   4) Using a queue or semaphore before it has been initialised or
 159:../../../../dependencies/freertos/FreeRTOSv10.4.1/FreeRTOS/Source/list.c ****         *      before the scheduler has been started (are interrupts firing
 160:../../../../dependencies/freertos/FreeRTOSv10.4.1/FreeRTOS/Source/list.c ****         *      before vTaskStartScheduler() has been called?).
 161:../../../../dependencies/freertos/FreeRTOSv10.4.1/FreeRTOS/Source/list.c ****         **********************************************************************/
 162:../../../../dependencies/freertos/FreeRTOSv10.4.1/FreeRTOS/Source/list.c **** 
 163:../../../../dependencies/freertos/FreeRTOSv10.4.1/FreeRTOS/Source/list.c ****         for( pxIterator = ( ListItem_t * ) &( pxList->xListEnd ); pxIterator->pxNext->xItemValue <=
 240              		.loc 1 163 0
 241 0020 7B68     		ldr	r3, [r7, #4]
 242 0022 0833     		adds	r3, r3, #8
 243 0024 FB60     		str	r3, [r7, #12]
ARM GAS  /var/folders/_8/_cw6l3nd335f_j6cn6z79m4m0000gn/T//ccTaXirt.s 			page 8


 244 0026 02E0     		b	.L7
 245              	.L8:
 246              		.loc 1 163 0 is_stmt 0 discriminator 3
 247 0028 FB68     		ldr	r3, [r7, #12]
 248 002a 5B68     		ldr	r3, [r3, #4]
 249 002c FB60     		str	r3, [r7, #12]
 250              	.L7:
 251              		.loc 1 163 0 discriminator 1
 252 002e FB68     		ldr	r3, [r7, #12]
 253 0030 5B68     		ldr	r3, [r3, #4]
 254 0032 1A68     		ldr	r2, [r3]
 255 0034 BB68     		ldr	r3, [r7, #8]
 256 0036 9A42     		cmp	r2, r3
 257 0038 F6D9     		bls	.L8
 258              	.L6:
 164:../../../../dependencies/freertos/FreeRTOSv10.4.1/FreeRTOS/Source/list.c ****         {
 165:../../../../dependencies/freertos/FreeRTOSv10.4.1/FreeRTOS/Source/list.c ****             /* There is nothing to do here, just iterating to the wanted
 166:../../../../dependencies/freertos/FreeRTOSv10.4.1/FreeRTOS/Source/list.c ****              * insertion position. */
 167:../../../../dependencies/freertos/FreeRTOSv10.4.1/FreeRTOS/Source/list.c ****         }
 168:../../../../dependencies/freertos/FreeRTOSv10.4.1/FreeRTOS/Source/list.c ****     }
 169:../../../../dependencies/freertos/FreeRTOSv10.4.1/FreeRTOS/Source/list.c **** 
 170:../../../../dependencies/freertos/FreeRTOSv10.4.1/FreeRTOS/Source/list.c ****     pxNewListItem->pxNext = pxIterator->pxNext;
 259              		.loc 1 170 0 is_stmt 1
 260 003a FB68     		ldr	r3, [r7, #12]
 261 003c 5A68     		ldr	r2, [r3, #4]
 262 003e 3B68     		ldr	r3, [r7]
 263 0040 5A60     		str	r2, [r3, #4]
 171:../../../../dependencies/freertos/FreeRTOSv10.4.1/FreeRTOS/Source/list.c ****     pxNewListItem->pxNext->pxPrevious = pxNewListItem;
 264              		.loc 1 171 0
 265 0042 3B68     		ldr	r3, [r7]
 266 0044 5B68     		ldr	r3, [r3, #4]
 267 0046 3A68     		ldr	r2, [r7]
 268 0048 9A60     		str	r2, [r3, #8]
 172:../../../../dependencies/freertos/FreeRTOSv10.4.1/FreeRTOS/Source/list.c ****     pxNewListItem->pxPrevious = pxIterator;
 269              		.loc 1 172 0
 270 004a 3B68     		ldr	r3, [r7]
 271 004c FA68     		ldr	r2, [r7, #12]
 272 004e 9A60     		str	r2, [r3, #8]
 173:../../../../dependencies/freertos/FreeRTOSv10.4.1/FreeRTOS/Source/list.c ****     pxIterator->pxNext = pxNewListItem;
 273              		.loc 1 173 0
 274 0050 FB68     		ldr	r3, [r7, #12]
 275 0052 3A68     		ldr	r2, [r7]
 276 0054 5A60     		str	r2, [r3, #4]
 174:../../../../dependencies/freertos/FreeRTOSv10.4.1/FreeRTOS/Source/list.c **** 
 175:../../../../dependencies/freertos/FreeRTOSv10.4.1/FreeRTOS/Source/list.c ****     /* Remember which list the item is in.  This allows fast removal of the
 176:../../../../dependencies/freertos/FreeRTOSv10.4.1/FreeRTOS/Source/list.c ****      * item later. */
 177:../../../../dependencies/freertos/FreeRTOSv10.4.1/FreeRTOS/Source/list.c ****     pxNewListItem->pxContainer = pxList;
 277              		.loc 1 177 0
 278 0056 3B68     		ldr	r3, [r7]
 279 0058 7A68     		ldr	r2, [r7, #4]
 280 005a 1A61     		str	r2, [r3, #16]
 178:../../../../dependencies/freertos/FreeRTOSv10.4.1/FreeRTOS/Source/list.c **** 
 179:../../../../dependencies/freertos/FreeRTOSv10.4.1/FreeRTOS/Source/list.c ****     ( pxList->uxNumberOfItems )++;
 281              		.loc 1 179 0
 282 005c 7B68     		ldr	r3, [r7, #4]
 283 005e 1B68     		ldr	r3, [r3]
 284 0060 5A1C     		adds	r2, r3, #1
ARM GAS  /var/folders/_8/_cw6l3nd335f_j6cn6z79m4m0000gn/T//ccTaXirt.s 			page 9


 285 0062 7B68     		ldr	r3, [r7, #4]
 286 0064 1A60     		str	r2, [r3]
 180:../../../../dependencies/freertos/FreeRTOSv10.4.1/FreeRTOS/Source/list.c **** }
 287              		.loc 1 180 0
 288 0066 1437     		adds	r7, r7, #20
 289              	.LCFI21:
 290              		.cfi_def_cfa_offset 4
 291 0068 BD46     		mov	sp, r7
 292              	.LCFI22:
 293              		.cfi_def_cfa_register 13
 294              		@ sp needed
 295 006a 5DF8047B 		ldr	r7, [sp], #4
 296              	.LCFI23:
 297              		.cfi_restore 7
 298              		.cfi_def_cfa_offset 0
 299 006e 7047     		bx	lr
 300              		.cfi_endproc
 301              	.LFE8:
 303              		.section	.text.uxListRemove,"ax",%progbits
 304              		.align	2
 305              		.global	uxListRemove
 306              		.thumb
 307              		.thumb_func
 309              	uxListRemove:
 310              	.LFB9:
 181:../../../../dependencies/freertos/FreeRTOSv10.4.1/FreeRTOS/Source/list.c **** /*-----------------------------------------------------------*/
 182:../../../../dependencies/freertos/FreeRTOSv10.4.1/FreeRTOS/Source/list.c **** 
 183:../../../../dependencies/freertos/FreeRTOSv10.4.1/FreeRTOS/Source/list.c **** UBaseType_t uxListRemove( ListItem_t * const pxItemToRemove )
 184:../../../../dependencies/freertos/FreeRTOSv10.4.1/FreeRTOS/Source/list.c **** {
 311              		.loc 1 184 0
 312              		.cfi_startproc
 313              		@ args = 0, pretend = 0, frame = 16
 314              		@ frame_needed = 1, uses_anonymous_args = 0
 315              		@ link register save eliminated.
 316 0000 80B4     		push	{r7}
 317              	.LCFI24:
 318              		.cfi_def_cfa_offset 4
 319              		.cfi_offset 7, -4
 320 0002 85B0     		sub	sp, sp, #20
 321              	.LCFI25:
 322              		.cfi_def_cfa_offset 24
 323 0004 00AF     		add	r7, sp, #0
 324              	.LCFI26:
 325              		.cfi_def_cfa_register 7
 326 0006 7860     		str	r0, [r7, #4]
 185:../../../../dependencies/freertos/FreeRTOSv10.4.1/FreeRTOS/Source/list.c **** /* The list item knows which list it is in.  Obtain the list from the list
 186:../../../../dependencies/freertos/FreeRTOSv10.4.1/FreeRTOS/Source/list.c ****  * item. */
 187:../../../../dependencies/freertos/FreeRTOSv10.4.1/FreeRTOS/Source/list.c ****     List_t * const pxList = pxItemToRemove->pxContainer;
 327              		.loc 1 187 0
 328 0008 7B68     		ldr	r3, [r7, #4]
 329 000a 1B69     		ldr	r3, [r3, #16]
 330 000c FB60     		str	r3, [r7, #12]
 188:../../../../dependencies/freertos/FreeRTOSv10.4.1/FreeRTOS/Source/list.c **** 
 189:../../../../dependencies/freertos/FreeRTOSv10.4.1/FreeRTOS/Source/list.c ****     pxItemToRemove->pxNext->pxPrevious = pxItemToRemove->pxPrevious;
 331              		.loc 1 189 0
 332 000e 7B68     		ldr	r3, [r7, #4]
 333 0010 5B68     		ldr	r3, [r3, #4]
ARM GAS  /var/folders/_8/_cw6l3nd335f_j6cn6z79m4m0000gn/T//ccTaXirt.s 			page 10


 334 0012 7A68     		ldr	r2, [r7, #4]
 335 0014 9268     		ldr	r2, [r2, #8]
 336 0016 9A60     		str	r2, [r3, #8]
 190:../../../../dependencies/freertos/FreeRTOSv10.4.1/FreeRTOS/Source/list.c ****     pxItemToRemove->pxPrevious->pxNext = pxItemToRemove->pxNext;
 337              		.loc 1 190 0
 338 0018 7B68     		ldr	r3, [r7, #4]
 339 001a 9B68     		ldr	r3, [r3, #8]
 340 001c 7A68     		ldr	r2, [r7, #4]
 341 001e 5268     		ldr	r2, [r2, #4]
 342 0020 5A60     		str	r2, [r3, #4]
 191:../../../../dependencies/freertos/FreeRTOSv10.4.1/FreeRTOS/Source/list.c **** 
 192:../../../../dependencies/freertos/FreeRTOSv10.4.1/FreeRTOS/Source/list.c ****     /* Only used during decision coverage testing. */
 193:../../../../dependencies/freertos/FreeRTOSv10.4.1/FreeRTOS/Source/list.c ****     mtCOVERAGE_TEST_DELAY();
 194:../../../../dependencies/freertos/FreeRTOSv10.4.1/FreeRTOS/Source/list.c **** 
 195:../../../../dependencies/freertos/FreeRTOSv10.4.1/FreeRTOS/Source/list.c ****     /* Make sure the index is left pointing to a valid item. */
 196:../../../../dependencies/freertos/FreeRTOSv10.4.1/FreeRTOS/Source/list.c ****     if( pxList->pxIndex == pxItemToRemove )
 343              		.loc 1 196 0
 344 0022 FB68     		ldr	r3, [r7, #12]
 345 0024 5A68     		ldr	r2, [r3, #4]
 346 0026 7B68     		ldr	r3, [r7, #4]
 347 0028 9A42     		cmp	r2, r3
 348 002a 03D1     		bne	.L10
 197:../../../../dependencies/freertos/FreeRTOSv10.4.1/FreeRTOS/Source/list.c ****     {
 198:../../../../dependencies/freertos/FreeRTOSv10.4.1/FreeRTOS/Source/list.c ****         pxList->pxIndex = pxItemToRemove->pxPrevious;
 349              		.loc 1 198 0
 350 002c 7B68     		ldr	r3, [r7, #4]
 351 002e 9A68     		ldr	r2, [r3, #8]
 352 0030 FB68     		ldr	r3, [r7, #12]
 353 0032 5A60     		str	r2, [r3, #4]
 354              	.L10:
 199:../../../../dependencies/freertos/FreeRTOSv10.4.1/FreeRTOS/Source/list.c ****     }
 200:../../../../dependencies/freertos/FreeRTOSv10.4.1/FreeRTOS/Source/list.c ****     else
 201:../../../../dependencies/freertos/FreeRTOSv10.4.1/FreeRTOS/Source/list.c ****     {
 202:../../../../dependencies/freertos/FreeRTOSv10.4.1/FreeRTOS/Source/list.c ****         mtCOVERAGE_TEST_MARKER();
 203:../../../../dependencies/freertos/FreeRTOSv10.4.1/FreeRTOS/Source/list.c ****     }
 204:../../../../dependencies/freertos/FreeRTOSv10.4.1/FreeRTOS/Source/list.c **** 
 205:../../../../dependencies/freertos/FreeRTOSv10.4.1/FreeRTOS/Source/list.c ****     pxItemToRemove->pxContainer = NULL;
 355              		.loc 1 205 0
 356 0034 7B68     		ldr	r3, [r7, #4]
 357 0036 0022     		movs	r2, #0
 358 0038 1A61     		str	r2, [r3, #16]
 206:../../../../dependencies/freertos/FreeRTOSv10.4.1/FreeRTOS/Source/list.c ****     ( pxList->uxNumberOfItems )--;
 359              		.loc 1 206 0
 360 003a FB68     		ldr	r3, [r7, #12]
 361 003c 1B68     		ldr	r3, [r3]
 362 003e 5A1E     		subs	r2, r3, #1
 363 0040 FB68     		ldr	r3, [r7, #12]
 364 0042 1A60     		str	r2, [r3]
 207:../../../../dependencies/freertos/FreeRTOSv10.4.1/FreeRTOS/Source/list.c **** 
 208:../../../../dependencies/freertos/FreeRTOSv10.4.1/FreeRTOS/Source/list.c ****     return pxList->uxNumberOfItems;
 365              		.loc 1 208 0
 366 0044 FB68     		ldr	r3, [r7, #12]
 367 0046 1B68     		ldr	r3, [r3]
 209:../../../../dependencies/freertos/FreeRTOSv10.4.1/FreeRTOS/Source/list.c **** }
 368              		.loc 1 209 0
 369 0048 1846     		mov	r0, r3
 370 004a 1437     		adds	r7, r7, #20
ARM GAS  /var/folders/_8/_cw6l3nd335f_j6cn6z79m4m0000gn/T//ccTaXirt.s 			page 11


 371              	.LCFI27:
 372              		.cfi_def_cfa_offset 4
 373 004c BD46     		mov	sp, r7
 374              	.LCFI28:
 375              		.cfi_def_cfa_register 13
 376              		@ sp needed
 377 004e 5DF8047B 		ldr	r7, [sp], #4
 378              	.LCFI29:
 379              		.cfi_restore 7
 380              		.cfi_def_cfa_offset 0
 381 0052 7047     		bx	lr
 382              		.cfi_endproc
 383              	.LFE9:
 385              		.text
 386              	.Letext0:
 387              		.file 2 "/Users/adambujak/Workspace/whisper_system/.dependencies/gcc-arm-none-eabi-4_9-2015q3/arm-
 388              		.file 3 "/Users/adambujak/Workspace/whisper_system/.dependencies/gcc-arm-none-eabi-4_9-2015q3/arm-
 389              		.file 4 "../../../../dependencies/freertos/FreeRTOSv10.4.1/FreeRTOS/Source/portable/GCC/ARM_CM4F/p
 390              		.file 5 "../../../../dependencies/freertos/FreeRTOSv10.4.1/FreeRTOS/Source/include/list.h"
ARM GAS  /var/folders/_8/_cw6l3nd335f_j6cn6z79m4m0000gn/T//ccTaXirt.s 			page 12


DEFINED SYMBOLS
                            *ABS*:0000000000000000 list.c
/var/folders/_8/_cw6l3nd335f_j6cn6z79m4m0000gn/T//ccTaXirt.s:21     .text.vListInitialise:0000000000000000 $t
/var/folders/_8/_cw6l3nd335f_j6cn6z79m4m0000gn/T//ccTaXirt.s:26     .text.vListInitialise:0000000000000000 vListInitialise
/var/folders/_8/_cw6l3nd335f_j6cn6z79m4m0000gn/T//ccTaXirt.s:85     .text.vListInitialiseItem:0000000000000000 $t
/var/folders/_8/_cw6l3nd335f_j6cn6z79m4m0000gn/T//ccTaXirt.s:90     .text.vListInitialiseItem:0000000000000000 vListInitialiseItem
/var/folders/_8/_cw6l3nd335f_j6cn6z79m4m0000gn/T//ccTaXirt.s:129    .text.vListInsertEnd:0000000000000000 $t
/var/folders/_8/_cw6l3nd335f_j6cn6z79m4m0000gn/T//ccTaXirt.s:134    .text.vListInsertEnd:0000000000000000 vListInsertEnd
/var/folders/_8/_cw6l3nd335f_j6cn6z79m4m0000gn/T//ccTaXirt.s:202    .text.vListInsert:0000000000000000 $t
/var/folders/_8/_cw6l3nd335f_j6cn6z79m4m0000gn/T//ccTaXirt.s:207    .text.vListInsert:0000000000000000 vListInsert
/var/folders/_8/_cw6l3nd335f_j6cn6z79m4m0000gn/T//ccTaXirt.s:304    .text.uxListRemove:0000000000000000 $t
/var/folders/_8/_cw6l3nd335f_j6cn6z79m4m0000gn/T//ccTaXirt.s:309    .text.uxListRemove:0000000000000000 uxListRemove
                     .debug_frame:0000000000000010 $d
                           .group:0000000000000000 wm4.0.12d3039ce5a2552d46df25be77b64279
                           .group:0000000000000000 wm4.newlib.h.8.2702bca278809460f0af6fba1d84eb68
                           .group:0000000000000000 wm4.features.h.22.2e382148a0560adabf236cddd4e880f4
                           .group:0000000000000000 wm4.config.h.220.a09b0b0de3c25be3f39d71990e617bff
                           .group:0000000000000000 wm4._ansi.h.23.9f8fcfa20193763fcf364fb91705c94b
                           .group:0000000000000000 wm4.stdlib.h.13.4ed386f5c1a80d71e72172885d946ef2
                           .group:0000000000000000 wm4.stddef.h.184.aa65fb7281d578229bbad41b91862635
                           .group:0000000000000000 wm4.stddef.h.39.dc09cac7e3f758f23d559f6b28ebbb0d
                           .group:0000000000000000 wm4._default_types.h.6.35ee9e747940367bf2a634907d1c2382
                           .group:0000000000000000 wm4.lock.h.2.9bc98482741e5e2a9450b12934a684ea
                           .group:0000000000000000 wm4._types.h.54.d3d34a3b7f3cc230cd159baf022b4b08
                           .group:0000000000000000 wm4.stddef.h.158.61317cdbfb4026324507d123a50b0fd6
                           .group:0000000000000000 wm4.reent.h.17.8bd9e4098e0428508c282cad794fae43
                           .group:0000000000000000 wm4.cdefs.h.47.a14b68a47d722a767cc4688ffe478d81
                           .group:0000000000000000 wm4.alloca.h.8.dfc0c703c47ec3e69746825b17d9e66d
                           .group:0000000000000000 wm4.stdlib.h.54.cd3744e0b066087ec8fbb1bdc22d1043
                           .group:0000000000000000 wm4._intsup.h.10.35a45952db64d30146faa63a55c20c1c
                           .group:0000000000000000 wm4._stdint.h.10.f76354baea1c7088202064e6f3d4f5e3
                           .group:0000000000000000 wm4.stdint.h.23.373a9d32a9e4c2e88fd347156532d281
                           .group:0000000000000000 wm4.FreeRTOSConfig.h.2.23623fc0cad83877f62ccd9ca9b417c2
                           .group:0000000000000000 wm4.projdefs.h.28.d6a7c9061b707820f2fcf4c2ff5d9f24
                           .group:0000000000000000 wm4.portmacro.h.30.0285ed3864ca8fd2e12d2b9aedd88dfd
                           .group:0000000000000000 wm4.portable.h.63.e9cc508c3850f44ce542149380c67812
                           .group:0000000000000000 wm4.mpu_wrappers.h.28.163fb40577cf8d1578015ea3f2ff4cdb
                           .group:0000000000000000 wm4.FreeRTOS.h.67.b174ccccfb8001b827e8ddeee1ca37a2
                           .group:0000000000000000 wm4.list.h.57.02ec67e07eacffe5ca7cfb7326896236

NO UNDEFINED SYMBOLS
