ARM GAS  /var/folders/_8/_cw6l3nd335f_j6cn6z79m4m0000gn/T//cc9ND7YM.s 			page 1


   1              		.syntax unified
   2              		.cpu cortex-m4
   3              		.eabi_attribute 27, 1
   4              		.eabi_attribute 28, 1
   5              		.fpu fpv4-sp-d16
   6              		.eabi_attribute 20, 1
   7              		.eabi_attribute 21, 1
   8              		.eabi_attribute 23, 3
   9              		.eabi_attribute 24, 1
  10              		.eabi_attribute 25, 1
  11              		.eabi_attribute 26, 1
  12              		.eabi_attribute 30, 6
  13              		.eabi_attribute 34, 1
  14              		.eabi_attribute 18, 4
  15              		.thumb
  16              		.file	"main.c"
  17              		.text
  18              	.Ltext0:
  19              		.cfi_sections	.debug_frame
  20              		.section	.data.tx_data,"aw",%progbits
  21              		.align	2
  24              	tx_data:
  25 0000 6932635F 		.ascii	"i2c_test\012\000"
  25      74657374 
  25      0A00
  26              		.section	.rodata
  27              		.align	2
  28              	.LC0:
  29 0000 53656E74 		.ascii	"Sent\015\012\000"
  29      0D0A00
  30              		.section	.text.main_task,"ax",%progbits
  31              		.align	2
  32              		.global	main_task
  33              		.thumb
  34              		.thumb_func
  36              	main_task:
  37              	.LFB135:
  38              		.file 1 "../src/main.c"
   1:../src/main.c **** #include "bsp.h"
   2:../src/main.c **** #include "com.h"
   3:../src/main.c **** #include "stm32f4xx_it.h"
   4:../src/main.c **** 
   5:../src/main.c **** #include "logger.h"
   6:../src/main.c **** #include "i2c.h"
   7:../src/main.c **** 
   8:../src/main.c **** #include <stdint.h>
   9:../src/main.c **** 
  10:../src/main.c **** #define mainTASK_PRIORITY    (tskIDLE_PRIORITY + 1)
  11:../src/main.c **** 
  12:../src/main.c **** #define TEST_SLAVE_ADDR      0x12
  13:../src/main.c **** #define TEST_SLAVE_REG_ADDR  0x13
  14:../src/main.c **** 
  15:../src/main.c **** static char tx_data[10] = "i2c_test\n";
  16:../src/main.c **** 
  17:../src/main.c **** void main_task(void *arg)
  18:../src/main.c **** {
  39              		.loc 1 18 0
ARM GAS  /var/folders/_8/_cw6l3nd335f_j6cn6z79m4m0000gn/T//cc9ND7YM.s 			page 2


  40              		.cfi_startproc
  41              		@ args = 0, pretend = 0, frame = 136
  42              		@ frame_needed = 1, uses_anonymous_args = 0
  43 0000 80B5     		push	{r7, lr}
  44              	.LCFI0:
  45              		.cfi_def_cfa_offset 8
  46              		.cfi_offset 7, -8
  47              		.cfi_offset 14, -4
  48 0002 A2B0     		sub	sp, sp, #136
  49              	.LCFI1:
  50              		.cfi_def_cfa_offset 144
  51 0004 00AF     		add	r7, sp, #0
  52              	.LCFI2:
  53              		.cfi_def_cfa_register 7
  54 0006 7860     		str	r0, [r7, #4]
  55              	.L2:
  19:../src/main.c ****   while(1) {
  20:../src/main.c ****     i2c_write(TEST_SLAVE_ADDR, TEST_SLAVE_REG_ADDR, 8, (uint8_t*)tx_data);
  56              		.loc 1 20 0 discriminator 1
  57 0008 1220     		movs	r0, #18
  58 000a 1321     		movs	r1, #19
  59 000c 0822     		movs	r2, #8
  60 000e 0B4B     		ldr	r3, .L3
  61 0010 FFF7FEFF 		bl	i2c_write
  62              	.LBB2:
  21:../src/main.c ****     DEBUG_LOG("Sent\r\n");
  63              		.loc 1 21 0 discriminator 1
  64 0014 07F10803 		add	r3, r7, #8
  65 0018 094A     		ldr	r2, .L3+4
  66 001a 92E80300 		ldmia	r2, {r0, r1}
  67 001e 1860     		str	r0, [r3]
  68 0020 0433     		adds	r3, r3, #4
  69 0022 1980     		strh	r1, [r3]	@ movhi
  70 0024 0233     		adds	r3, r3, #2
  71 0026 0A0C     		lsrs	r2, r1, #16
  72 0028 1A70     		strb	r2, [r3]
  73 002a 07F10803 		add	r3, r7, #8
  74 002e 1846     		mov	r0, r3
  75 0030 FFF7FEFF 		bl	logger_write
  76              	.LBE2:
  22:../src/main.c ****     vTaskDelay(100);
  77              		.loc 1 22 0 discriminator 1
  78 0034 6420     		movs	r0, #100
  79 0036 FFF7FEFF 		bl	vTaskDelay
  23:../src/main.c ****   }
  80              		.loc 1 23 0 discriminator 1
  81 003a E5E7     		b	.L2
  82              	.L4:
  83              		.align	2
  84              	.L3:
  85 003c 00000000 		.word	tx_data
  86 0040 00000000 		.word	.LC0
  87              		.cfi_endproc
  88              	.LFE135:
  90              		.section	.rodata
  91 0007 00       		.align	2
  92              	.LC1:
ARM GAS  /var/folders/_8/_cw6l3nd335f_j6cn6z79m4m0000gn/T//cc9ND7YM.s 			page 3


  93 0008 434F4D20 		.ascii	"COM Started \015\012\000"
  93      53746172 
  93      74656420 
  93      0D0A00
  94 0017 00       		.align	2
  95              	.LC2:
  96 0018 6D61696E 		.ascii	"main_task\000"
  96      5F746173 
  96      6B00
  97              		.section	.text.main,"ax",%progbits
  98              		.align	2
  99              		.global	main
 100              		.thumb
 101              		.thumb_func
 103              	main:
 104              	.LFB136:
  24:../src/main.c **** }
  25:../src/main.c **** 
  26:../src/main.c **** int main(void)
  27:../src/main.c **** {
 105              		.loc 1 27 0
 106              		.cfi_startproc
 107              		@ args = 0, pretend = 0, frame = 136
 108              		@ frame_needed = 1, uses_anonymous_args = 0
 109 0000 90B5     		push	{r4, r7, lr}
 110              	.LCFI3:
 111              		.cfi_def_cfa_offset 12
 112              		.cfi_offset 4, -12
 113              		.cfi_offset 7, -8
 114              		.cfi_offset 14, -4
 115 0002 A5B0     		sub	sp, sp, #148
 116              	.LCFI4:
 117              		.cfi_def_cfa_offset 160
 118 0004 02AF     		add	r7, sp, #8
 119              	.LCFI5:
 120              		.cfi_def_cfa 7, 152
  28:../src/main.c ****   int32_t taskStatus;
  29:../src/main.c ****   bsp_board_bringup();
 121              		.loc 1 29 0
 122 0006 FFF7FEFF 		bl	bsp_board_bringup
  30:../src/main.c ****   logger_init();
 123              		.loc 1 30 0
 124 000a FFF7FEFF 		bl	logger_init
  31:../src/main.c ****   i2c_init();
 125              		.loc 1 31 0
 126 000e FFF7FEFF 		bl	i2c_init
 127              	.LBB3:
  32:../src/main.c **** 
  33:../src/main.c ****   DEBUG_LOG("COM Started \r\n");
 128              		.loc 1 33 0
 129 0012 3B46     		mov	r3, r7
 130 0014 134A     		ldr	r2, .L8
 131 0016 1C46     		mov	r4, r3
 132 0018 1346     		mov	r3, r2
 133 001a 0FCB     		ldmia	r3, {r0, r1, r2, r3}
 134 001c 07C4     		stmia	r4!, {r0, r1, r2}
 135 001e 2380     		strh	r3, [r4]	@ movhi
ARM GAS  /var/folders/_8/_cw6l3nd335f_j6cn6z79m4m0000gn/T//cc9ND7YM.s 			page 4


 136 0020 0234     		adds	r4, r4, #2
 137 0022 1B0C     		lsrs	r3, r3, #16
 138 0024 2370     		strb	r3, [r4]
 139 0026 3B46     		mov	r3, r7
 140 0028 1846     		mov	r0, r3
 141 002a FFF7FEFF 		bl	logger_write
 142              	.LBE3:
  34:../src/main.c **** 
  35:../src/main.c ****   taskStatus = xTaskCreate(main_task,
 143              		.loc 1 35 0
 144 002e 0123     		movs	r3, #1
 145 0030 0093     		str	r3, [sp]
 146 0032 0023     		movs	r3, #0
 147 0034 0193     		str	r3, [sp, #4]
 148 0036 0C48     		ldr	r0, .L8+4
 149 0038 0C49     		ldr	r1, .L8+8
 150 003a 8022     		movs	r2, #128
 151 003c 0023     		movs	r3, #0
 152 003e FFF7FEFF 		bl	xTaskCreate
 153 0042 C7F88400 		str	r0, [r7, #132]
 154              	.LBB4:
  36:../src/main.c ****                           "main_task",
  37:../src/main.c ****                           128,
  38:../src/main.c ****                           NULL,
  39:../src/main.c ****                           mainTASK_PRIORITY,
  40:../src/main.c ****                           NULL);
  41:../src/main.c **** 
  42:../src/main.c ****   RTOS_ERR_CHECK(taskStatus);
 155              		.loc 1 42 0
 156 0046 D7F88430 		ldr	r3, [r7, #132]
 157 004a C7F88030 		str	r3, [r7, #128]
 158 004e D7F88030 		ldr	r3, [r7, #128]
 159 0052 012B     		cmp	r3, #1
 160 0054 01D0     		beq	.L6
 161              		.loc 1 42 0 is_stmt 0 discriminator 1
 162 0056 FFF7FEFF 		bl	error_handler
 163              	.L6:
 164              	.LBE4:
  43:../src/main.c **** 
  44:../src/main.c ****   OSStarted();
 165              		.loc 1 44 0 is_stmt 1
 166 005a FFF7FEFF 		bl	OSStarted
  45:../src/main.c **** 
  46:../src/main.c ****   vTaskStartScheduler();
 167              		.loc 1 46 0
 168 005e FFF7FEFF 		bl	vTaskStartScheduler
 169              	.L7:
  47:../src/main.c **** 
  48:../src/main.c ****   /* Should never reach here */
  49:../src/main.c ****   while (1);
 170              		.loc 1 49 0 discriminator 1
 171 0062 FEE7     		b	.L7
 172              	.L9:
 173              		.align	2
 174              	.L8:
 175 0064 08000000 		.word	.LC1
 176 0068 00000000 		.word	main_task
ARM GAS  /var/folders/_8/_cw6l3nd335f_j6cn6z79m4m0000gn/T//cc9ND7YM.s 			page 5


 177 006c 18000000 		.word	.LC2
 178              		.cfi_endproc
 179              	.LFE136:
 181              		.text
 182              	.Letext0:
 183              		.file 2 "/Users/adambujak/Workspace/whisper_system/.dependencies/gcc-arm-none-eabi-4_9-2015q3/arm-
 184              		.file 3 "/Users/adambujak/Workspace/whisper_system/.dependencies/gcc-arm-none-eabi-4_9-2015q3/arm-
 185              		.file 4 "../../../../dependencies/freertos/FreeRTOSv10.4.1/FreeRTOS/Source/portable/GCC/ARM_CM4F/p
 186              		.file 5 "../../../../dependencies/stm/STM32F4_Cube/Drivers/CMSIS/Include/core_cm4.h"
ARM GAS  /var/folders/_8/_cw6l3nd335f_j6cn6z79m4m0000gn/T//cc9ND7YM.s 			page 6


DEFINED SYMBOLS
                            *ABS*:0000000000000000 main.c
/var/folders/_8/_cw6l3nd335f_j6cn6z79m4m0000gn/T//cc9ND7YM.s:21     .data.tx_data:0000000000000000 $d
/var/folders/_8/_cw6l3nd335f_j6cn6z79m4m0000gn/T//cc9ND7YM.s:24     .data.tx_data:0000000000000000 tx_data
/var/folders/_8/_cw6l3nd335f_j6cn6z79m4m0000gn/T//cc9ND7YM.s:27     .rodata:0000000000000000 $d
/var/folders/_8/_cw6l3nd335f_j6cn6z79m4m0000gn/T//cc9ND7YM.s:31     .text.main_task:0000000000000000 $t
/var/folders/_8/_cw6l3nd335f_j6cn6z79m4m0000gn/T//cc9ND7YM.s:36     .text.main_task:0000000000000000 main_task
/var/folders/_8/_cw6l3nd335f_j6cn6z79m4m0000gn/T//cc9ND7YM.s:85     .text.main_task:000000000000003c $d
/var/folders/_8/_cw6l3nd335f_j6cn6z79m4m0000gn/T//cc9ND7YM.s:98     .text.main:0000000000000000 $t
/var/folders/_8/_cw6l3nd335f_j6cn6z79m4m0000gn/T//cc9ND7YM.s:103    .text.main:0000000000000000 main
/var/folders/_8/_cw6l3nd335f_j6cn6z79m4m0000gn/T//cc9ND7YM.s:175    .text.main:0000000000000064 $d
                     .debug_frame:0000000000000010 $d
                           .group:0000000000000000 wm4.0.12d3039ce5a2552d46df25be77b64279
                           .group:0000000000000000 wm4.features.h.22.2e382148a0560adabf236cddd4e880f4
                           .group:0000000000000000 wm4._default_types.h.15.933e8edd27a65e0b69af4a865eb623d2
                           .group:0000000000000000 wm4._intsup.h.10.35a45952db64d30146faa63a55c20c1c
                           .group:0000000000000000 wm4._stdint.h.10.f76354baea1c7088202064e6f3d4f5e3
                           .group:0000000000000000 wm4.stdint.h.23.373a9d32a9e4c2e88fd347156532d281
                           .group:0000000000000000 wm4.stm32f4xx_hal_conf.h.2.af8b2ca6b03807d43d9ddf9698d1361c
                           .group:0000000000000000 wm4.stm32f4xx.h.39.1b09cc4be5834e402f47d342f5416be4
                           .group:0000000000000000 wm4.stm32f412zx.h.35.d9913ab15c3cc42510cd85c75dd3c4eb
                           .group:0000000000000000 wm4.cmsis_version.h.32.4d5822004c01a829a975260e854b5f8e
                           .group:0000000000000000 wm4.core_cm4.h.66.e4ff136c4a17abc46741866f64f8e729
                           .group:0000000000000000 wm4.cmsis_gcc.h.26.f42444deefab66ffa141b9b9fddb57a3
                           .group:0000000000000000 wm4.core_cm4.h.174.059a5e001a9e729091d1407208e93224
                           .group:0000000000000000 wm4.mpu_armv7.h.32.27b4593cb2f8d3152ca5d97a9d72b321
                           .group:0000000000000000 wm4.stm32f412zx.h.838.7f7dacbfe2e2c88ca5202f260290d6c1
                           .group:0000000000000000 wm4.stm32f4xx.h.196.23c4e4a5d465a121178374b8f4182f7c
                           .group:0000000000000000 wm4.stm32_hal_legacy.h.23.394d12941f5a0482dbe3c36ee9e57b2b
                           .group:0000000000000000 wm4.stddef.h.39.c744ceb84abf2f8351653f0e2622da1c
                           .group:0000000000000000 wm4.stm32f4xx_hal_def.h.58.2d2c85d5b9693a63e90566b806e8a752
                           .group:0000000000000000 wm4.stm32f4xx_hal_rcc_ex.h.22.fe15f7aa872c0ff0051d1df0fdd88661
                           .group:0000000000000000 wm4.stm32f4xx_hal_rcc.h.108.0c18a3cfc2dd91bdf92470b4bd0ea1b5
                           .group:0000000000000000 wm4.stm32f4xx_hal_exti.h.22.b6735b42221f61fdbfd800fa51550a85
                           .group:0000000000000000 wm4.stm32f4xx_hal_gpio.h.22.be2c6bcf9722096ea8f49a41bf6aa50c
                           .group:0000000000000000 wm4.stm32f4xx_hal_gpio_ex.h.22.5fac61f4372beb17c6941adb263493e1
                           .group:0000000000000000 wm4.stm32f4xx_hal_gpio.h.264.978ac12eab1d3b3400b35b8c427e2c33
                           .group:0000000000000000 wm4.stm32f4xx_hal_dma.h.22.fffce20ac9119c50557659c75e75ab1c
                           .group:0000000000000000 wm4.stm32f4xx_hal_dma.h.721.a1e57ffbc615f926e6509c5acc65e492
                           .group:0000000000000000 wm4.stm32f4xx_hal_cortex.h.22.e6aa3b847b5388be63c32d1f9e696ef7
                           .group:0000000000000000 wm4.stm32f4xx_hal_flash.h.22.31b301be2655c3eb8583e51c8231544a
                           .group:0000000000000000 wm4.stm32f4xx_hal_flash_ex.h.22.5016bda819f6a480c96be63516c36ab2
                           .group:0000000000000000 wm4.stm32f4xx_hal_flash.h.363.51efdf0f6c88f683efb89d7cc95cc1be
                           .group:0000000000000000 wm4.stm32f4xx_ll_fsmc.h.22.ed2b494a9a7d206deda6c53e626a4601
                           .group:0000000000000000 wm4.stm32f4xx_hal_i2c.h.22.7a518225417837eb3d0550cc95fa0a57
                           .group:0000000000000000 wm4.stm32f4xx_hal_i2c_ex.h.22.a90c9435159b7eaef7dc679da6295e14
                           .group:0000000000000000 wm4.stm32f4xx_hal_i2c.h.644.9d0aaa0659558fa97b5b5ac32630da6a
                           .group:0000000000000000 wm4.stm32f4xx_hal_pwr.h.22.2c27d93ae187efe3a73816f03a329970
                           .group:0000000000000000 wm4.stm32f4xx_hal_pwr_ex.h.22.a735ba4f49c5b2574a98d58f3b7ae925
                           .group:0000000000000000 wm4.stm32f4xx_hal_pwr.h.337.60b43975c84527a23cb6994b23165a5e
                           .group:0000000000000000 wm4.stm32f4xx_hal_spi.h.22.bc4a13b7a7ee3429db720a8d37eb1e5e
                           .group:0000000000000000 wm4.stm32f4xx_hal_tim.h.22.9c16860ec2cc7f3d941608a8f521bc4a
                           .group:0000000000000000 wm4.stm32f4xx_hal_tim_ex.h.22.2fde471485fd197eebc7c86251149c11
                           .group:0000000000000000 wm4.stm32f4xx_hal_uart.h.22.1edfd0da9670bd23245390d2a3da576d
                           .group:0000000000000000 wm4.stm32f4xx_hal.h.72.a5a58188aa461a0614f1e58e159c7840
                           .group:0000000000000000 wm4.stm32f4xx_nucleo_144.h.54.f0d042017bc81221aa085a20cf55c671
                           .group:0000000000000000 wm4.newlib.h.8.2702bca278809460f0af6fba1d84eb68
ARM GAS  /var/folders/_8/_cw6l3nd335f_j6cn6z79m4m0000gn/T//cc9ND7YM.s 			page 7


                           .group:0000000000000000 wm4.config.h.220.a09b0b0de3c25be3f39d71990e617bff
                           .group:0000000000000000 wm4._ansi.h.23.9f8fcfa20193763fcf364fb91705c94b
                           .group:0000000000000000 wm4.lock.h.2.9bc98482741e5e2a9450b12934a684ea
                           .group:0000000000000000 wm4._types.h.54.d3d34a3b7f3cc230cd159baf022b4b08
                           .group:0000000000000000 wm4.stddef.h.158.61317cdbfb4026324507d123a50b0fd6
                           .group:0000000000000000 wm4.reent.h.17.8bd9e4098e0428508c282cad794fae43
                           .group:0000000000000000 wm4.cdefs.h.47.55832cb26e4a21cedaa9b1b3b922c6b1
                           .group:0000000000000000 wm4.string.h.15.dab3980bf35408a4c507182805e2de3a
                           .group:0000000000000000 wm4.stddef.h.158.a7efb00f6cbc6f43213b50e183c9830c
                           .group:0000000000000000 wm4.stdio.h.27.3fc80220048df77954e38daec3bb9670
                           .group:0000000000000000 wm4.stdarg.h.34.3a23a216c0c293b3d2ea2e89281481e6
                           .group:0000000000000000 wm4.types.h.24.b2be5f53932a9c9d07787288b29b6d75
                           .group:0000000000000000 wm4.types.h.2.e9cec8c90ab35f77d9f499e06ae02400
                           .group:0000000000000000 wm4.types.h.82.82b71f3f44c70e3a459d0f66642b05eb
                           .group:0000000000000000 wm4.stdio.h.2.4aa87247282eca6c8f36f9de33d8df1a
                           .group:0000000000000000 wm4.stdio.h.68.a99a2db1e55915cfd1b035cc1e9fcff1
                           .group:0000000000000000 wm4.wst_common.h.9.8860a77277a68c3cc83109e96e83c7fb
                           .group:0000000000000000 wm4.bsp.h.21.9e5c882e28336308e70ed2ea2ef4c431
                           .group:0000000000000000 wm4.FreeRTOSConfig.h.2.efa69af35ff1ce1c2b556680ee99d891
                           .group:0000000000000000 wm4.projdefs.h.28.d6a7c9061b707820f2fcf4c2ff5d9f24
                           .group:0000000000000000 wm4.portmacro.h.30.0285ed3864ca8fd2e12d2b9aedd88dfd
                           .group:0000000000000000 wm4.portable.h.63.e9cc508c3850f44ce542149380c67812
                           .group:0000000000000000 wm4.mpu_wrappers.h.28.163fb40577cf8d1578015ea3f2ff4cdb
                           .group:0000000000000000 wm4.FreeRTOS.h.67.b174ccccfb8001b827e8ddeee1ca37a2
                           .group:0000000000000000 wm4.list.h.57.02ec67e07eacffe5ca7cfb7326896236
                           .group:0000000000000000 wm4.task.h.47.2d3fe49a094b8ec1e3e6aac441e8db21
                           .group:0000000000000000 wm4.queue.h.66.45d4a3cf5de24cde7e732f8dad25383c
                           .group:0000000000000000 wm4.timers.h.29.025d268d6baf57298309e7b498ee1cc7
                           .group:0000000000000000 wm4.semphr.h.38.96f44691bfa19eb833944d3a35b81e54
                           .group:0000000000000000 wm4.com.h.15.68f97ab2f34c884c6815e65d0dd90bb3

UNDEFINED SYMBOLS
i2c_write
logger_write
vTaskDelay
bsp_board_bringup
logger_init
i2c_init
xTaskCreate
error_handler
OSStarted
vTaskStartScheduler
